Simulator report for eALU
Thu Nov 27 14:36:29 2014
Quartus II Version 9.1 Build 350 03/24/2010 Service Pack 2 SJ Web Edition


---------------------
; Table of Contents ;
---------------------
  1. Legal Notice
  2. Simulator Summary
  3. Simulator Settings
  4. Simulation Waveforms
  5. Coverage Summary
  6. Complete 1/0-Value Coverage
  7. Missing 1-Value Coverage
  8. Missing 0-Value Coverage
  9. Simulator INI Usage
 10. Simulator Messages



----------------
; Legal Notice ;
----------------
Copyright (C) 1991-2010 Altera Corporation
Your use of Altera Corporation's design tools, logic functions 
and other software and tools, and its AMPP partner logic 
functions, and any output files from any of the foregoing 
(including device programming or simulation files), and any 
associated documentation or information are expressly subject 
to the terms and conditions of the Altera Program License 
Subscription Agreement, Altera MegaCore Function License 
Agreement, or other applicable license agreement, including, 
without limitation, that your use is for the sole purpose of 
programming logic devices manufactured by Altera and sold by 
Altera or its authorized distributors.  Please refer to the 
applicable agreement for further details.



+--------------------------------------------+
; Simulator Summary                          ;
+-----------------------------+--------------+
; Type                        ; Value        ;
+-----------------------------+--------------+
; Simulation Start Time       ; 0 ps         ;
; Simulation End Time         ; 1.2 us       ;
; Simulation Netlist Size     ; 282 nodes    ;
; Simulation Coverage         ;      81.36 % ;
; Total Number of Transitions ; 3001         ;
; Simulation Breakpoints      ; 0            ;
; Family                      ; Stratix      ;
; Device                      ; EP1S10F484C5 ;
+-----------------------------+--------------+


+-------------------------------------------------------------------------------------------------------------------------+
; Simulator Settings                                                                                                      ;
+--------------------------------------------------------------------------------------------+------------+---------------+
; Option                                                                                     ; Setting    ; Default Value ;
+--------------------------------------------------------------------------------------------+------------+---------------+
; Simulation mode                                                                            ; Timing     ; Timing        ;
; Start time                                                                                 ; 0 ns       ; 0 ns          ;
; Simulation results format                                                                  ; CVWF       ;               ;
; Add pins automatically to simulation output waveforms                                      ; On         ; On            ;
; Check outputs                                                                              ; Off        ; Off           ;
; Report simulation coverage                                                                 ; On         ; On            ;
; Display complete 1/0 value coverage report                                                 ; On         ; On            ;
; Display missing 1-value coverage report                                                    ; On         ; On            ;
; Display missing 0-value coverage report                                                    ; On         ; On            ;
; Detect setup and hold time violations                                                      ; Off        ; Off           ;
; Detect glitches                                                                            ; Off        ; Off           ;
; Disable timing delays in Timing Simulation                                                 ; Off        ; Off           ;
; Generate Signal Activity File                                                              ; Off        ; Off           ;
; Generate VCD File for PowerPlay Power Analyzer                                             ; Off        ; Off           ;
; Group bus channels in simulation results                                                   ; Off        ; Off           ;
; Preserve fewer signal transitions to reduce memory requirements                            ; On         ; On            ;
; Trigger vector comparison with the specified mode                                          ; INPUT_EDGE ; INPUT_EDGE    ;
; Disable setup and hold time violations detection in input registers of bi-directional pins ; Off        ; Off           ;
; Overwrite Waveform Inputs With Simulation Outputs                                          ; Off        ;               ;
; Perform Glitch Filtering in Timing Simulation                                              ; Auto       ; Auto          ;
+--------------------------------------------------------------------------------------------+------------+---------------+


+----------------------+
; Simulation Waveforms ;
+----------------------+
Waveform report data cannot be output to ASCII.
Please use Quartus II to view the waveform report data.


+--------------------------------------------------------------------+
; Coverage Summary                                                   ;
+-----------------------------------------------------+--------------+
; Type                                                ; Value        ;
+-----------------------------------------------------+--------------+
; Total coverage as a percentage                      ;      81.36 % ;
; Total nodes checked                                 ; 282          ;
; Total output ports checked                          ; 338          ;
; Total output ports with complete 1/0-value coverage ; 275          ;
; Total output ports with no 1/0-value coverage       ; 62           ;
; Total output ports with no 1-value coverage         ; 62           ;
; Total output ports with no 0-value coverage         ; 63           ;
+-----------------------------------------------------+--------------+


The following table displays output ports that toggle between 1 and 0 during simulation.
+--------------------------------------------------------------------+
; Complete 1/0-Value Coverage                                        ;
+---------------------+---------------------------+------------------+
; Node Name           ; Output Port Name          ; Output Port Type ;
+---------------------+---------------------------+------------------+
; |eALU|Add0~1        ; |eALU|Add0~1              ; combout          ;
; |eALU|Add0~1        ; |eALU|Add0~3              ; cout0            ;
; |eALU|Add0~1        ; |eALU|Add0~3COUT1_290     ; cout1            ;
; |eALU|Add0~6        ; |eALU|Add0~6              ; combout          ;
; |eALU|sO[0]~0       ; |eALU|sO[0]~0             ; combout          ;
; |eALU|sO[0]~1       ; |eALU|sO[0]~1             ; combout          ;
; |eALU|sO[0]~2       ; |eALU|sO[0]~2             ; combout          ;
; |eALU|Add0~7        ; |eALU|Add0~7              ; combout          ;
; |eALU|Add0~8        ; |eALU|Add0~8              ; combout          ;
; |eALU|Add0~8        ; |eALU|Add0~10             ; cout0            ;
; |eALU|Add0~8        ; |eALU|Add0~10COUT1_292    ; cout1            ;
; |eALU|Add0~13       ; |eALU|Add0~13             ; combout          ;
; |eALU|Add0~14       ; |eALU|Add0~14             ; combout          ;
; |eALU|Add0~15       ; |eALU|Add0~15             ; combout          ;
; |eALU|Add0~15       ; |eALU|Add0~17             ; cout0            ;
; |eALU|Add0~15       ; |eALU|Add0~17COUT1_294    ; cout1            ;
; |eALU|Add0~20       ; |eALU|Add0~20             ; combout          ;
; |eALU|Add0~21       ; |eALU|Add0~21             ; combout          ;
; |eALU|Add0~22       ; |eALU|Add0~22             ; combout          ;
; |eALU|Add0~22       ; |eALU|Add0~24             ; cout0            ;
; |eALU|Add0~22       ; |eALU|Add0~24COUT1_296    ; cout1            ;
; |eALU|Add0~27       ; |eALU|Add0~27             ; combout          ;
; |eALU|Add0~28       ; |eALU|Add0~28             ; combout          ;
; |eALU|Equal1~0      ; |eALU|Equal1~0            ; combout          ;
; |eALU|Add0~29       ; |eALU|Add0~29             ; combout          ;
; |eALU|Add0~29       ; |eALU|Add0~31             ; cout             ;
; |eALU|Add0~34       ; |eALU|Add0~34             ; combout          ;
; |eALU|Add0~35       ; |eALU|Add0~35             ; combout          ;
; |eALU|Add0~36       ; |eALU|Add0~36             ; combout          ;
; |eALU|Add0~36       ; |eALU|Add0~38             ; cout0            ;
; |eALU|Add0~36       ; |eALU|Add0~38COUT1_298    ; cout1            ;
; |eALU|Add0~41       ; |eALU|Add0~41             ; combout          ;
; |eALU|Add0~42       ; |eALU|Add0~42             ; combout          ;
; |eALU|Add0~43       ; |eALU|Add0~43             ; combout          ;
; |eALU|Add0~43       ; |eALU|Add0~45             ; cout0            ;
; |eALU|Add0~43       ; |eALU|Add0~45COUT1_300    ; cout1            ;
; |eALU|Add0~48       ; |eALU|Add0~48             ; combout          ;
; |eALU|Add0~49       ; |eALU|Add0~49             ; combout          ;
; |eALU|Add0~50       ; |eALU|Add0~50             ; combout          ;
; |eALU|Add0~50       ; |eALU|Add0~52             ; cout0            ;
; |eALU|Add0~50       ; |eALU|Add0~52COUT1_302    ; cout1            ;
; |eALU|Add0~55       ; |eALU|Add0~55             ; combout          ;
; |eALU|Add0~56       ; |eALU|Add0~56             ; combout          ;
; |eALU|Equal1~1      ; |eALU|Equal1~1            ; combout          ;
; |eALU|Add0~57       ; |eALU|Add0~57             ; combout          ;
; |eALU|Add0~57       ; |eALU|Add0~59             ; cout0            ;
; |eALU|Add0~57       ; |eALU|Add0~59COUT1_304    ; cout1            ;
; |eALU|Add0~62       ; |eALU|Add0~62             ; combout          ;
; |eALU|Add0~63       ; |eALU|Add0~63             ; combout          ;
; |eALU|Add0~64       ; |eALU|Add0~64             ; combout          ;
; |eALU|Add0~64       ; |eALU|Add0~66             ; cout             ;
; |eALU|Add0~69       ; |eALU|Add0~69             ; combout          ;
; |eALU|Add0~70       ; |eALU|Add0~70             ; combout          ;
; |eALU|Add0~71       ; |eALU|Add0~71             ; combout          ;
; |eALU|Add0~71       ; |eALU|Add0~73             ; cout0            ;
; |eALU|Add0~71       ; |eALU|Add0~73COUT1_306    ; cout1            ;
; |eALU|Add0~77       ; |eALU|Add0~77             ; combout          ;
; |eALU|Add0~78       ; |eALU|Add0~78             ; combout          ;
; |eALU|Add0~78       ; |eALU|Add0~80             ; cout0            ;
; |eALU|Add0~78       ; |eALU|Add0~80COUT1_308    ; cout1            ;
; |eALU|Add0~84       ; |eALU|Add0~84             ; combout          ;
; |eALU|Equal1~2      ; |eALU|Equal1~2            ; combout          ;
; |eALU|Add0~85       ; |eALU|Add0~85             ; combout          ;
; |eALU|Add0~85       ; |eALU|Add0~87             ; cout0            ;
; |eALU|Add0~85       ; |eALU|Add0~87COUT1_310    ; cout1            ;
; |eALU|Add0~90       ; |eALU|Add0~90             ; combout          ;
; |eALU|Add0~91       ; |eALU|Add0~91             ; combout          ;
; |eALU|Add0~92       ; |eALU|Add0~92             ; combout          ;
; |eALU|Add0~92       ; |eALU|Add0~94             ; cout0            ;
; |eALU|Add0~92       ; |eALU|Add0~94COUT1_312    ; cout1            ;
; |eALU|Add0~98       ; |eALU|Add0~98             ; combout          ;
; |eALU|Add0~99       ; |eALU|Add0~99             ; combout          ;
; |eALU|Add0~99       ; |eALU|Add0~101            ; cout             ;
; |eALU|Add0~104      ; |eALU|Add0~104            ; combout          ;
; |eALU|Add0~105      ; |eALU|Add0~105            ; combout          ;
; |eALU|Add0~106      ; |eALU|Add0~106            ; combout          ;
; |eALU|Add0~106      ; |eALU|Add0~108            ; cout0            ;
; |eALU|Add0~106      ; |eALU|Add0~108COUT1_314   ; cout1            ;
; |eALU|Add0~112      ; |eALU|Add0~112            ; combout          ;
; |eALU|Equal1~3      ; |eALU|Equal1~3            ; combout          ;
; |eALU|Equal1~4      ; |eALU|Equal1~4            ; combout          ;
; |eALU|Add0~113      ; |eALU|Add0~113            ; combout          ;
; |eALU|Add0~113      ; |eALU|Add0~115            ; cout0            ;
; |eALU|Add0~113      ; |eALU|Add0~115COUT1_316   ; cout1            ;
; |eALU|Add0~119      ; |eALU|Add0~119            ; combout          ;
; |eALU|Add0~120      ; |eALU|Add0~120            ; combout          ;
; |eALU|Add0~120      ; |eALU|Add0~122            ; cout0            ;
; |eALU|Add0~120      ; |eALU|Add0~122COUT1_318   ; cout1            ;
; |eALU|Add0~126      ; |eALU|Add0~126            ; combout          ;
; |eALU|Add0~127      ; |eALU|Add0~127            ; combout          ;
; |eALU|Add0~127      ; |eALU|Add0~129            ; cout0            ;
; |eALU|Add0~127      ; |eALU|Add0~129COUT1_320   ; cout1            ;
; |eALU|Add0~133      ; |eALU|Add0~133            ; combout          ;
; |eALU|Add0~134      ; |eALU|Add0~134            ; combout          ;
; |eALU|Add0~134      ; |eALU|Add0~136            ; cout             ;
; |eALU|Add0~140      ; |eALU|Add0~140            ; combout          ;
; |eALU|Equal1~5      ; |eALU|Equal1~5            ; combout          ;
; |eALU|Add0~141      ; |eALU|Add0~141            ; combout          ;
; |eALU|Add0~141      ; |eALU|Add0~143COUT1_322   ; cout1            ;
; |eALU|Add0~147      ; |eALU|Add0~147            ; combout          ;
; |eALU|Add0~148      ; |eALU|Add0~148            ; combout          ;
; |eALU|Add0~148      ; |eALU|Add0~150COUT1_324   ; cout1            ;
; |eALU|Add0~154      ; |eALU|Add0~154            ; combout          ;
; |eALU|Add0~155      ; |eALU|Add0~155            ; combout          ;
; |eALU|Add0~155      ; |eALU|Add0~157COUT1_326   ; cout1            ;
; |eALU|Add0~161      ; |eALU|Add0~161            ; combout          ;
; |eALU|Add0~162      ; |eALU|Add0~162            ; combout          ;
; |eALU|Add0~162      ; |eALU|Add0~164COUT1_328   ; cout1            ;
; |eALU|Add0~168      ; |eALU|Add0~168            ; combout          ;
; |eALU|Equal1~6      ; |eALU|Equal1~6            ; combout          ;
; |eALU|Add0~169      ; |eALU|Add0~169            ; combout          ;
; |eALU|Add0~169      ; |eALU|Add0~171            ; cout             ;
; |eALU|Add0~175      ; |eALU|Add0~175            ; combout          ;
; |eALU|Add0~176      ; |eALU|Add0~176            ; combout          ;
; |eALU|Add0~176      ; |eALU|Add0~178            ; cout0            ;
; |eALU|Add0~182      ; |eALU|Add0~182            ; combout          ;
; |eALU|Add0~183      ; |eALU|Add0~183            ; combout          ;
; |eALU|Add0~183      ; |eALU|Add0~185            ; cout0            ;
; |eALU|Add0~189      ; |eALU|Add0~189            ; combout          ;
; |eALU|Add0~190      ; |eALU|Add0~190            ; combout          ;
; |eALU|Add0~190      ; |eALU|Add0~192            ; cout0            ;
; |eALU|Add0~196      ; |eALU|Add0~196            ; combout          ;
; |eALU|Equal1~7      ; |eALU|Equal1~7            ; combout          ;
; |eALU|Add0~197      ; |eALU|Add0~197            ; combout          ;
; |eALU|Add0~197      ; |eALU|Add0~199            ; cout0            ;
; |eALU|Add0~203      ; |eALU|Add0~203            ; combout          ;
; |eALU|Add0~204      ; |eALU|Add0~204            ; combout          ;
; |eALU|Add0~204      ; |eALU|Add0~206            ; cout             ;
; |eALU|Add0~210      ; |eALU|Add0~210            ; combout          ;
; |eALU|Add0~211      ; |eALU|Add0~211            ; combout          ;
; |eALU|Add0~211      ; |eALU|Add0~213COUT1_338   ; cout1            ;
; |eALU|Add0~217      ; |eALU|Add0~217            ; combout          ;
; |eALU|Add0~218      ; |eALU|Add0~218            ; combout          ;
; |eALU|Add0~224      ; |eALU|Add0~224            ; combout          ;
; |eALU|Equal1~8      ; |eALU|Equal1~8            ; combout          ;
; |eALU|Equal1~9      ; |eALU|Equal1~9            ; combout          ;
; |eALU|pBranch_out~0 ; |eALU|pBranch_out~0       ; combout          ;
; |eALU|Equal0~0      ; |eALU|Equal0~0            ; combout          ;
; |eALU|pOut~0        ; |eALU|pOut~0              ; combout          ;
; |eALU|pOut~1        ; |eALU|pOut~1              ; combout          ;
; |eALU|pOut~2        ; |eALU|pOut~2              ; combout          ;
; |eALU|pOut~3        ; |eALU|pOut~3              ; combout          ;
; |eALU|pOut~4        ; |eALU|pOut~4              ; combout          ;
; |eALU|pOut~5        ; |eALU|pOut~5              ; combout          ;
; |eALU|pOut~6        ; |eALU|pOut~6              ; combout          ;
; |eALU|pOut~7        ; |eALU|pOut~7              ; combout          ;
; |eALU|pOut~8        ; |eALU|pOut~8              ; combout          ;
; |eALU|pOut~9        ; |eALU|pOut~9              ; combout          ;
; |eALU|pOut~10       ; |eALU|pOut~10             ; combout          ;
; |eALU|pOut~11       ; |eALU|pOut~11             ; combout          ;
; |eALU|pOut~12       ; |eALU|pOut~12             ; combout          ;
; |eALU|pOut~13       ; |eALU|pOut~13             ; combout          ;
; |eALU|pOut~14       ; |eALU|pOut~14             ; combout          ;
; |eALU|pOut~15       ; |eALU|pOut~15             ; combout          ;
; |eALU|pOut~16       ; |eALU|pOut~16             ; combout          ;
; |eALU|pOut~17       ; |eALU|pOut~17             ; combout          ;
; |eALU|pOut~18       ; |eALU|pOut~18             ; combout          ;
; |eALU|pOut~19       ; |eALU|pOut~19             ; combout          ;
; |eALU|pOut~20       ; |eALU|pOut~20             ; combout          ;
; |eALU|pOut~21       ; |eALU|pOut~21             ; combout          ;
; |eALU|pOut~22       ; |eALU|pOut~22             ; combout          ;
; |eALU|pOut~23       ; |eALU|pOut~23             ; combout          ;
; |eALU|pOut~24       ; |eALU|pOut~24             ; combout          ;
; |eALU|pOut~25       ; |eALU|pOut~25             ; combout          ;
; |eALU|pOut~26       ; |eALU|pOut~26             ; combout          ;
; |eALU|pOut~27       ; |eALU|pOut~27             ; combout          ;
; |eALU|pOut~28       ; |eALU|pOut~28             ; combout          ;
; |eALU|pOut~29       ; |eALU|pOut~29             ; combout          ;
; |eALU|pOut~30       ; |eALU|pOut~30             ; combout          ;
; |eALU|pOut~31       ; |eALU|pOut~31             ; combout          ;
; |eALU|Add0~225      ; |eALU|Add0~225            ; combout          ;
; |eALU|Add0~228      ; |eALU|Add0~228            ; cout             ;
; |eALU|Add0~231      ; |eALU|Add0~231            ; combout          ;
; |eALU|Add0~232      ; |eALU|Add0~232            ; combout          ;
; |eALU|Add0~233      ; |eALU|Add0~233            ; combout          ;
; |eALU|Add0~234      ; |eALU|Add0~234            ; combout          ;
; |eALU|Add0~235      ; |eALU|Add0~235            ; combout          ;
; |eALU|Add0~236      ; |eALU|Add0~236            ; combout          ;
; |eALU|Add0~237      ; |eALU|Add0~237            ; combout          ;
; |eALU|Add0~238      ; |eALU|Add0~238            ; combout          ;
; |eALU|Add0~239      ; |eALU|Add0~239            ; combout          ;
; |eALU|Add0~240      ; |eALU|Add0~240            ; combout          ;
; |eALU|Add0~241      ; |eALU|Add0~241            ; combout          ;
; |eALU|Add0~242      ; |eALU|Add0~242            ; combout          ;
; |eALU|Add0~243      ; |eALU|Add0~243            ; combout          ;
; |eALU|Add0~244      ; |eALU|Add0~244            ; combout          ;
; |eALU|Add0~245      ; |eALU|Add0~245            ; combout          ;
; |eALU|Add0~246      ; |eALU|Add0~246            ; combout          ;
; |eALU|Add0~247      ; |eALU|Add0~247            ; combout          ;
; |eALU|Add0~248      ; |eALU|Add0~248            ; combout          ;
; |eALU|Add0~249      ; |eALU|Add0~249            ; combout          ;
; |eALU|Add0~250      ; |eALU|Add0~250            ; combout          ;
; |eALU|Add0~251      ; |eALU|Add0~251            ; combout          ;
; |eALU|Add0~252      ; |eALU|Add0~252            ; combout          ;
; |eALU|Add0~253      ; |eALU|Add0~253            ; combout          ;
; |eALU|Add0~254      ; |eALU|Add0~254            ; combout          ;
; |eALU|Add0~255      ; |eALU|Add0~255            ; combout          ;
; |eALU|Add0~256      ; |eALU|Add0~256            ; combout          ;
; |eALU|Add0~257      ; |eALU|Add0~257            ; combout          ;
; |eALU|Add0~258      ; |eALU|Add0~258            ; combout          ;
; |eALU|Add0~259      ; |eALU|Add0~259            ; combout          ;
; |eALU|Add0~260      ; |eALU|Add0~260            ; combout          ;
; |eALU|Add0~261      ; |eALU|Add0~261            ; combout          ;
; |eALU|Add0~262      ; |eALU|Add0~262            ; combout          ;
; |eALU|pBranch       ; |eALU|pBranch~corein      ; combout          ;
; |eALU|pOperation    ; |eALU|pOperation~corein   ; combout          ;
; |eALU|pOperator[0]  ; |eALU|pOperator[0]~corein ; combout          ;
; |eALU|pIn2[0]       ; |eALU|pIn2[0]~corein      ; combout          ;
; |eALU|pIn1[0]       ; |eALU|pIn1[0]~corein      ; combout          ;
; |eALU|pOperator[1]  ; |eALU|pOperator[1]~corein ; combout          ;
; |eALU|pOperator[5]  ; |eALU|pOperator[5]~corein ; combout          ;
; |eALU|pOperator[2]  ; |eALU|pOperator[2]~corein ; combout          ;
; |eALU|pIn2[1]       ; |eALU|pIn2[1]~corein      ; combout          ;
; |eALU|pIn1[1]       ; |eALU|pIn1[1]~corein      ; combout          ;
; |eALU|pIn2[2]       ; |eALU|pIn2[2]~corein      ; combout          ;
; |eALU|pIn1[2]       ; |eALU|pIn1[2]~corein      ; combout          ;
; |eALU|pIn2[3]       ; |eALU|pIn2[3]~corein      ; combout          ;
; |eALU|pIn1[3]       ; |eALU|pIn1[3]~corein      ; combout          ;
; |eALU|pIn2[4]       ; |eALU|pIn2[4]~corein      ; combout          ;
; |eALU|pIn1[4]       ; |eALU|pIn1[4]~corein      ; combout          ;
; |eALU|pIn2[5]       ; |eALU|pIn2[5]~corein      ; combout          ;
; |eALU|pIn1[5]       ; |eALU|pIn1[5]~corein      ; combout          ;
; |eALU|pIn2[6]       ; |eALU|pIn2[6]~corein      ; combout          ;
; |eALU|pIn1[6]       ; |eALU|pIn1[6]~corein      ; combout          ;
; |eALU|pIn2[7]       ; |eALU|pIn2[7]~corein      ; combout          ;
; |eALU|pIn1[7]       ; |eALU|pIn1[7]~corein      ; combout          ;
; |eALU|pIn2[8]       ; |eALU|pIn2[8]~corein      ; combout          ;
; |eALU|pIn1[8]       ; |eALU|pIn1[8]~corein      ; combout          ;
; |eALU|pIn2[9]       ; |eALU|pIn2[9]~corein      ; combout          ;
; |eALU|pIn1[9]       ; |eALU|pIn1[9]~corein      ; combout          ;
; |eALU|pIn2[10]      ; |eALU|pIn2[10]~corein     ; combout          ;
; |eALU|pIn1[10]      ; |eALU|pIn1[10]~corein     ; combout          ;
; |eALU|pIn2[11]      ; |eALU|pIn2[11]~corein     ; combout          ;
; |eALU|pIn1[11]      ; |eALU|pIn1[11]~corein     ; combout          ;
; |eALU|pIn2[12]      ; |eALU|pIn2[12]~corein     ; combout          ;
; |eALU|pIn1[12]      ; |eALU|pIn1[12]~corein     ; combout          ;
; |eALU|pIn2[13]      ; |eALU|pIn2[13]~corein     ; combout          ;
; |eALU|pIn1[13]      ; |eALU|pIn1[13]~corein     ; combout          ;
; |eALU|pIn2[14]      ; |eALU|pIn2[14]~corein     ; combout          ;
; |eALU|pIn1[14]      ; |eALU|pIn1[14]~corein     ; combout          ;
; |eALU|pIn2[15]      ; |eALU|pIn2[15]~corein     ; combout          ;
; |eALU|pIn1[15]      ; |eALU|pIn1[15]~corein     ; combout          ;
; |eALU|pBranch_out   ; |eALU|pBranch_out         ; padio            ;
; |eALU|pOut[0]       ; |eALU|pOut[0]             ; padio            ;
; |eALU|pOut[1]       ; |eALU|pOut[1]             ; padio            ;
; |eALU|pOut[2]       ; |eALU|pOut[2]             ; padio            ;
; |eALU|pOut[3]       ; |eALU|pOut[3]             ; padio            ;
; |eALU|pOut[4]       ; |eALU|pOut[4]             ; padio            ;
; |eALU|pOut[5]       ; |eALU|pOut[5]             ; padio            ;
; |eALU|pOut[6]       ; |eALU|pOut[6]             ; padio            ;
; |eALU|pOut[7]       ; |eALU|pOut[7]             ; padio            ;
; |eALU|pOut[8]       ; |eALU|pOut[8]             ; padio            ;
; |eALU|pOut[9]       ; |eALU|pOut[9]             ; padio            ;
; |eALU|pOut[10]      ; |eALU|pOut[10]            ; padio            ;
; |eALU|pOut[11]      ; |eALU|pOut[11]            ; padio            ;
; |eALU|pOut[12]      ; |eALU|pOut[12]            ; padio            ;
; |eALU|pOut[13]      ; |eALU|pOut[13]            ; padio            ;
; |eALU|pOut[14]      ; |eALU|pOut[14]            ; padio            ;
; |eALU|pOut[15]      ; |eALU|pOut[15]            ; padio            ;
; |eALU|pOut[16]      ; |eALU|pOut[16]            ; padio            ;
; |eALU|pOut[17]      ; |eALU|pOut[17]            ; padio            ;
; |eALU|pOut[18]      ; |eALU|pOut[18]            ; padio            ;
; |eALU|pOut[19]      ; |eALU|pOut[19]            ; padio            ;
; |eALU|pOut[20]      ; |eALU|pOut[20]            ; padio            ;
; |eALU|pOut[21]      ; |eALU|pOut[21]            ; padio            ;
; |eALU|pOut[22]      ; |eALU|pOut[22]            ; padio            ;
; |eALU|pOut[23]      ; |eALU|pOut[23]            ; padio            ;
; |eALU|pOut[24]      ; |eALU|pOut[24]            ; padio            ;
; |eALU|pOut[25]      ; |eALU|pOut[25]            ; padio            ;
; |eALU|pOut[26]      ; |eALU|pOut[26]            ; padio            ;
; |eALU|pOut[27]      ; |eALU|pOut[27]            ; padio            ;
; |eALU|pOut[28]      ; |eALU|pOut[28]            ; padio            ;
; |eALU|pOut[29]      ; |eALU|pOut[29]            ; padio            ;
; |eALU|pOut[30]      ; |eALU|pOut[30]            ; padio            ;
; |eALU|pOut[31]      ; |eALU|pOut[31]            ; padio            ;
+---------------------+---------------------------+------------------+


The following table displays output ports that do not toggle to 1 during simulation.
+-------------------------------------------------------------------+
; Missing 1-Value Coverage                                          ;
+--------------------+---------------------------+------------------+
; Node Name          ; Output Port Name          ; Output Port Type ;
+--------------------+---------------------------+------------------+
; |eALU|Add0~76      ; |eALU|Add0~76             ; combout          ;
; |eALU|Add0~83      ; |eALU|Add0~83             ; combout          ;
; |eALU|Add0~97      ; |eALU|Add0~97             ; combout          ;
; |eALU|Add0~111     ; |eALU|Add0~111            ; combout          ;
; |eALU|Add0~118     ; |eALU|Add0~118            ; combout          ;
; |eALU|Add0~125     ; |eALU|Add0~125            ; combout          ;
; |eALU|Add0~132     ; |eALU|Add0~132            ; combout          ;
; |eALU|Add0~139     ; |eALU|Add0~139            ; combout          ;
; |eALU|Add0~141     ; |eALU|Add0~143            ; cout0            ;
; |eALU|Add0~146     ; |eALU|Add0~146            ; combout          ;
; |eALU|Add0~148     ; |eALU|Add0~150            ; cout0            ;
; |eALU|Add0~153     ; |eALU|Add0~153            ; combout          ;
; |eALU|Add0~155     ; |eALU|Add0~157            ; cout0            ;
; |eALU|Add0~160     ; |eALU|Add0~160            ; combout          ;
; |eALU|Add0~162     ; |eALU|Add0~164            ; cout0            ;
; |eALU|Add0~167     ; |eALU|Add0~167            ; combout          ;
; |eALU|Add0~174     ; |eALU|Add0~174            ; combout          ;
; |eALU|Add0~176     ; |eALU|Add0~178COUT1_330   ; cout1            ;
; |eALU|Add0~181     ; |eALU|Add0~181            ; combout          ;
; |eALU|Add0~183     ; |eALU|Add0~185COUT1_332   ; cout1            ;
; |eALU|Add0~188     ; |eALU|Add0~188            ; combout          ;
; |eALU|Add0~190     ; |eALU|Add0~192COUT1_334   ; cout1            ;
; |eALU|Add0~195     ; |eALU|Add0~195            ; combout          ;
; |eALU|Add0~197     ; |eALU|Add0~199COUT1_336   ; cout1            ;
; |eALU|Add0~202     ; |eALU|Add0~202            ; combout          ;
; |eALU|Add0~209     ; |eALU|Add0~209            ; combout          ;
; |eALU|Add0~211     ; |eALU|Add0~213            ; cout0            ;
; |eALU|Add0~216     ; |eALU|Add0~216            ; combout          ;
; |eALU|Add0~223     ; |eALU|Add0~223            ; combout          ;
; |eALU|pOperator[4] ; |eALU|pOperator[4]~corein ; combout          ;
; |eALU|pIn2[16]     ; |eALU|pIn2[16]~corein     ; combout          ;
; |eALU|pIn1[16]     ; |eALU|pIn1[16]~corein     ; combout          ;
; |eALU|pIn2[17]     ; |eALU|pIn2[17]~corein     ; combout          ;
; |eALU|pIn1[17]     ; |eALU|pIn1[17]~corein     ; combout          ;
; |eALU|pIn2[18]     ; |eALU|pIn2[18]~corein     ; combout          ;
; |eALU|pIn1[18]     ; |eALU|pIn1[18]~corein     ; combout          ;
; |eALU|pIn2[19]     ; |eALU|pIn2[19]~corein     ; combout          ;
; |eALU|pIn1[19]     ; |eALU|pIn1[19]~corein     ; combout          ;
; |eALU|pIn2[20]     ; |eALU|pIn2[20]~corein     ; combout          ;
; |eALU|pIn1[20]     ; |eALU|pIn1[20]~corein     ; combout          ;
; |eALU|pIn2[21]     ; |eALU|pIn2[21]~corein     ; combout          ;
; |eALU|pIn1[21]     ; |eALU|pIn1[21]~corein     ; combout          ;
; |eALU|pIn2[22]     ; |eALU|pIn2[22]~corein     ; combout          ;
; |eALU|pIn1[22]     ; |eALU|pIn1[22]~corein     ; combout          ;
; |eALU|pIn2[23]     ; |eALU|pIn2[23]~corein     ; combout          ;
; |eALU|pIn1[23]     ; |eALU|pIn1[23]~corein     ; combout          ;
; |eALU|pIn2[24]     ; |eALU|pIn2[24]~corein     ; combout          ;
; |eALU|pIn1[24]     ; |eALU|pIn1[24]~corein     ; combout          ;
; |eALU|pIn2[25]     ; |eALU|pIn2[25]~corein     ; combout          ;
; |eALU|pIn1[25]     ; |eALU|pIn1[25]~corein     ; combout          ;
; |eALU|pIn2[26]     ; |eALU|pIn2[26]~corein     ; combout          ;
; |eALU|pIn1[26]     ; |eALU|pIn1[26]~corein     ; combout          ;
; |eALU|pIn2[27]     ; |eALU|pIn2[27]~corein     ; combout          ;
; |eALU|pIn1[27]     ; |eALU|pIn1[27]~corein     ; combout          ;
; |eALU|pIn2[28]     ; |eALU|pIn2[28]~corein     ; combout          ;
; |eALU|pIn1[28]     ; |eALU|pIn1[28]~corein     ; combout          ;
; |eALU|pIn2[29]     ; |eALU|pIn2[29]~corein     ; combout          ;
; |eALU|pIn1[29]     ; |eALU|pIn1[29]~corein     ; combout          ;
; |eALU|pIn2[30]     ; |eALU|pIn2[30]~corein     ; combout          ;
; |eALU|pIn1[30]     ; |eALU|pIn1[30]~corein     ; combout          ;
; |eALU|pIn2[31]     ; |eALU|pIn2[31]~corein     ; combout          ;
; |eALU|pIn1[31]     ; |eALU|pIn1[31]~corein     ; combout          ;
+--------------------+---------------------------+------------------+


The following table displays output ports that do not toggle to 0 during simulation.
+-------------------------------------------------------------------+
; Missing 0-Value Coverage                                          ;
+--------------------+---------------------------+------------------+
; Node Name          ; Output Port Name          ; Output Port Type ;
+--------------------+---------------------------+------------------+
; |eALU|Add0~76      ; |eALU|Add0~76             ; combout          ;
; |eALU|Add0~83      ; |eALU|Add0~83             ; combout          ;
; |eALU|Add0~97      ; |eALU|Add0~97             ; combout          ;
; |eALU|Add0~111     ; |eALU|Add0~111            ; combout          ;
; |eALU|Add0~118     ; |eALU|Add0~118            ; combout          ;
; |eALU|Add0~125     ; |eALU|Add0~125            ; combout          ;
; |eALU|Add0~132     ; |eALU|Add0~132            ; combout          ;
; |eALU|Add0~139     ; |eALU|Add0~139            ; combout          ;
; |eALU|Add0~141     ; |eALU|Add0~143            ; cout0            ;
; |eALU|Add0~146     ; |eALU|Add0~146            ; combout          ;
; |eALU|Add0~148     ; |eALU|Add0~150            ; cout0            ;
; |eALU|Add0~153     ; |eALU|Add0~153            ; combout          ;
; |eALU|Add0~155     ; |eALU|Add0~157            ; cout0            ;
; |eALU|Add0~160     ; |eALU|Add0~160            ; combout          ;
; |eALU|Add0~162     ; |eALU|Add0~164            ; cout0            ;
; |eALU|Add0~167     ; |eALU|Add0~167            ; combout          ;
; |eALU|Add0~174     ; |eALU|Add0~174            ; combout          ;
; |eALU|Add0~176     ; |eALU|Add0~178COUT1_330   ; cout1            ;
; |eALU|Add0~181     ; |eALU|Add0~181            ; combout          ;
; |eALU|Add0~183     ; |eALU|Add0~185COUT1_332   ; cout1            ;
; |eALU|Add0~188     ; |eALU|Add0~188            ; combout          ;
; |eALU|Add0~190     ; |eALU|Add0~192COUT1_334   ; cout1            ;
; |eALU|Add0~195     ; |eALU|Add0~195            ; combout          ;
; |eALU|Add0~197     ; |eALU|Add0~199COUT1_336   ; cout1            ;
; |eALU|Add0~202     ; |eALU|Add0~202            ; combout          ;
; |eALU|Add0~209     ; |eALU|Add0~209            ; combout          ;
; |eALU|Add0~211     ; |eALU|Add0~213            ; cout0            ;
; |eALU|Add0~216     ; |eALU|Add0~216            ; combout          ;
; |eALU|Add0~223     ; |eALU|Add0~223            ; combout          ;
; |eALU|pOperator[3] ; |eALU|pOperator[3]~corein ; combout          ;
; |eALU|pOperator[4] ; |eALU|pOperator[4]~corein ; combout          ;
; |eALU|pIn2[16]     ; |eALU|pIn2[16]~corein     ; combout          ;
; |eALU|pIn1[16]     ; |eALU|pIn1[16]~corein     ; combout          ;
; |eALU|pIn2[17]     ; |eALU|pIn2[17]~corein     ; combout          ;
; |eALU|pIn1[17]     ; |eALU|pIn1[17]~corein     ; combout          ;
; |eALU|pIn2[18]     ; |eALU|pIn2[18]~corein     ; combout          ;
; |eALU|pIn1[18]     ; |eALU|pIn1[18]~corein     ; combout          ;
; |eALU|pIn2[19]     ; |eALU|pIn2[19]~corein     ; combout          ;
; |eALU|pIn1[19]     ; |eALU|pIn1[19]~corein     ; combout          ;
; |eALU|pIn2[20]     ; |eALU|pIn2[20]~corein     ; combout          ;
; |eALU|pIn1[20]     ; |eALU|pIn1[20]~corein     ; combout          ;
; |eALU|pIn2[21]     ; |eALU|pIn2[21]~corein     ; combout          ;
; |eALU|pIn1[21]     ; |eALU|pIn1[21]~corein     ; combout          ;
; |eALU|pIn2[22]     ; |eALU|pIn2[22]~corein     ; combout          ;
; |eALU|pIn1[22]     ; |eALU|pIn1[22]~corein     ; combout          ;
; |eALU|pIn2[23]     ; |eALU|pIn2[23]~corein     ; combout          ;
; |eALU|pIn1[23]     ; |eALU|pIn1[23]~corein     ; combout          ;
; |eALU|pIn2[24]     ; |eALU|pIn2[24]~corein     ; combout          ;
; |eALU|pIn1[24]     ; |eALU|pIn1[24]~corein     ; combout          ;
; |eALU|pIn2[25]     ; |eALU|pIn2[25]~corein     ; combout          ;
; |eALU|pIn1[25]     ; |eALU|pIn1[25]~corein     ; combout          ;
; |eALU|pIn2[26]     ; |eALU|pIn2[26]~corein     ; combout          ;
; |eALU|pIn1[26]     ; |eALU|pIn1[26]~corein     ; combout          ;
; |eALU|pIn2[27]     ; |eALU|pIn2[27]~corein     ; combout          ;
; |eALU|pIn1[27]     ; |eALU|pIn1[27]~corein     ; combout          ;
; |eALU|pIn2[28]     ; |eALU|pIn2[28]~corein     ; combout          ;
; |eALU|pIn1[28]     ; |eALU|pIn1[28]~corein     ; combout          ;
; |eALU|pIn2[29]     ; |eALU|pIn2[29]~corein     ; combout          ;
; |eALU|pIn1[29]     ; |eALU|pIn1[29]~corein     ; combout          ;
; |eALU|pIn2[30]     ; |eALU|pIn2[30]~corein     ; combout          ;
; |eALU|pIn1[30]     ; |eALU|pIn1[30]~corein     ; combout          ;
; |eALU|pIn2[31]     ; |eALU|pIn2[31]~corein     ; combout          ;
; |eALU|pIn1[31]     ; |eALU|pIn1[31]~corein     ; combout          ;
+--------------------+---------------------------+------------------+


+---------------------+
; Simulator INI Usage ;
+--------+------------+
; Option ; Usage      ;
+--------+------------+


+--------------------+
; Simulator Messages ;
+--------------------+
Info: *******************************************************************
Info: Running Quartus II Simulator
    Info: Version 9.1 Build 350 03/24/2010 Service Pack 2 SJ Web Edition
    Info: Processing started: Thu Nov 27 14:36:27 2014
Info: Command: quartus_sim --read_settings_files=on --write_settings_files=off ALU -c eALU
Info: Using vector source file "C:/Users/내문서/Desktop/전공 자료/컴퓨터구조2/MIPS 실습/alu/ALU/eALU.vwf"
Info: Option to preserve fewer signal transitions to reduce memory requirements is enabled
    Info: Simulation has been partitioned into sub-simulations according to the maximum transition count determined by the engine. Transitions from memory will be flushed out to disk at the end of each sub-simulation to reduce memory requirements.
Info: Simulation partitioned into 1 sub-simulations
Info: Simulation coverage is      81.36 %
Info: Number of transitions in simulation is 3001
Info: Quartus II Simulator was successful. 0 errors, 0 warnings
    Info: Peak virtual memory: 161 megabytes
    Info: Processing ended: Thu Nov 27 14:36:29 2014
    Info: Elapsed time: 00:00:02
    Info: Total CPU time (on all processors): 00:00:01


