Classic Timing Analyzer report for eALU
Thu Nov 27 14:27:08 2014
Quartus II Version 9.1 Build 350 03/24/2010 Service Pack 2 SJ Web Edition


---------------------
; Table of Contents ;
---------------------
  1. Legal Notice
  2. Timing Analyzer Summary
  3. Timing Analyzer Settings
  4. Parallel Compilation
  5. tpd
  6. Timing Analyzer Messages



----------------
; Legal Notice ;
----------------
Copyright (C) 1991-2010 Altera Corporation
Your use of Altera Corporation's design tools, logic functions 
and other software and tools, and its AMPP partner logic 
functions, and any output files from any of the foregoing 
(including device programming or simulation files), and any 
associated documentation or information are expressly subject 
to the terms and conditions of the Altera Program License 
Subscription Agreement, Altera MegaCore Function License 
Agreement, or other applicable license agreement, including, 
without limitation, that your use is for the sole purpose of 
programming logic devices manufactured by Altera and sold by 
Altera or its authorized distributors.  Please refer to the 
applicable agreement for further details.



+----------------------------------------------------------------------------------------------------------------------------------------+
; Timing Analyzer Summary                                                                                                                ;
+------------------------------+-------+---------------+-------------+--------------+-------------+------------+----------+--------------+
; Type                         ; Slack ; Required Time ; Actual Time ; From         ; To          ; From Clock ; To Clock ; Failed Paths ;
+------------------------------+-------+---------------+-------------+--------------+-------------+------------+----------+--------------+
; Worst-case tpd               ; N/A   ; None          ; 18.909 ns   ; pOperator[4] ; pBranch_out ; --         ; --       ; 0            ;
; Total number of failed paths ;       ;               ;             ;              ;             ;            ;          ; 0            ;
+------------------------------+-------+---------------+-------------+--------------+-------------+------------+----------+--------------+


+-----------------------------------------------------------------------------------------------------------------------------------------------------+
; Timing Analyzer Settings                                                                                                                            ;
+------------------------------------------------------------------------------------------------------+--------------------+------+----+-------------+
; Option                                                                                               ; Setting            ; From ; To ; Entity Name ;
+------------------------------------------------------------------------------------------------------+--------------------+------+----+-------------+
; Device Name                                                                                          ; EP1S10F484C5       ;      ;    ;             ;
; Timing Models                                                                                        ; Final              ;      ;    ;             ;
; Default hold multicycle                                                                              ; Same as Multicycle ;      ;    ;             ;
; Cut paths between unrelated clock domains                                                            ; On                 ;      ;    ;             ;
; Cut off read during write signal paths                                                               ; On                 ;      ;    ;             ;
; Cut off feedback from I/O pins                                                                       ; On                 ;      ;    ;             ;
; Report Combined Fast/Slow Timing                                                                     ; Off                ;      ;    ;             ;
; Ignore Clock Settings                                                                                ; Off                ;      ;    ;             ;
; Analyze latches as synchronous elements                                                              ; Off                ;      ;    ;             ;
; Enable Recovery/Removal analysis                                                                     ; Off                ;      ;    ;             ;
; Enable Clock Latency                                                                                 ; Off                ;      ;    ;             ;
; Use TimeQuest Timing Analyzer                                                                        ; Off                ;      ;    ;             ;
; Number of source nodes to report per destination node                                                ; 10                 ;      ;    ;             ;
; Number of destination nodes to report                                                                ; 10                 ;      ;    ;             ;
; Number of paths to report                                                                            ; 200                ;      ;    ;             ;
; Report Minimum Timing Checks                                                                         ; Off                ;      ;    ;             ;
; Use Fast Timing Models                                                                               ; Off                ;      ;    ;             ;
; Report IO Paths Separately                                                                           ; Off                ;      ;    ;             ;
; Perform Multicorner Analysis                                                                         ; Off                ;      ;    ;             ;
; Reports the worst-case path for each clock domain and analysis                                       ; Off                ;      ;    ;             ;
; Reports worst-case timing paths for each clock domain and analysis                                   ; Off                ;      ;    ;             ;
; Specifies the maximum number of worst-case timing paths to report for each clock domain and analysis ; 100                ;      ;    ;             ;
; Removes common clock path pessimism (CCPP) during slack computation                                  ; Off                ;      ;    ;             ;
; Output I/O Timing Endpoint                                                                           ; Near End           ;      ;    ;             ;
+------------------------------------------------------------------------------------------------------+--------------------+------+----+-------------+


Parallel compilation was disabled, but you have multiple processors available. Enable parallel compilation to reduce compilation time.
+-------------------------------------+
; Parallel Compilation                ;
+----------------------------+--------+
; Processors                 ; Number ;
+----------------------------+--------+
; Number detected on machine ; 4      ;
; Maximum allowed            ; 1      ;
+----------------------------+--------+


+----------------------------------------------------------------------------------------------------------------------------------------------+
; tpd                                                                                                                                          ;
+-----------------------------------------+-----------------------------------------------------+-----------------+--------------+-------------+
; Slack                                   ; Required P2P Time                                   ; Actual P2P Time ; From         ; To          ;
+-----------------------------------------+-----------------------------------------------------+-----------------+--------------+-------------+
; N/A                                     ; None                                                ; 18.909 ns       ; pOperator[4] ; pBranch_out ;
; N/A                                     ; None                                                ; 18.885 ns       ; pOperator[5] ; pBranch_out ;
; N/A                                     ; None                                                ; 18.070 ns       ; pOperator[1] ; pBranch_out ;
; N/A                                     ; None                                                ; 18.042 ns       ; pOperator[2] ; pBranch_out ;
; N/A                                     ; None                                                ; 17.455 ns       ; pOperator[0] ; pBranch_out ;
; N/A                                     ; None                                                ; 17.076 ns       ; pIn2[0]      ; pBranch_out ;
; N/A                                     ; None                                                ; 16.909 ns       ; pIn2[2]      ; pBranch_out ;
; N/A                                     ; None                                                ; 16.840 ns       ; pIn2[1]      ; pBranch_out ;
; N/A                                     ; None                                                ; 16.788 ns       ; pBranch      ; pBranch_out ;
; N/A                                     ; None                                                ; 16.772 ns       ; pIn2[6]      ; pBranch_out ;
; N/A                                     ; None                                                ; 16.705 ns       ; pIn2[7]      ; pBranch_out ;
; N/A                                     ; None                                                ; 16.672 ns       ; pOperation   ; pBranch_out ;
; N/A                                     ; None                                                ; 16.644 ns       ; pIn2[5]      ; pBranch_out ;
; N/A                                     ; None                                                ; 16.606 ns       ; pIn2[11]     ; pBranch_out ;
; N/A                                     ; None                                                ; 16.600 ns       ; pIn2[8]      ; pBranch_out ;
; N/A                                     ; None                                                ; 16.593 ns       ; pOperator[4] ; pOut[30]    ;
; N/A                                     ; None                                                ; 16.569 ns       ; pOperator[5] ; pOut[30]    ;
; N/A                                     ; None                                                ; 16.506 ns       ; pOperator[4] ; pOut[25]    ;
; N/A                                     ; None                                                ; 16.482 ns       ; pOperator[5] ; pOut[25]    ;
; N/A                                     ; None                                                ; 16.448 ns       ; pIn2[9]      ; pBranch_out ;
; N/A                                     ; None                                                ; 16.433 ns       ; pOperator[4] ; pOut[22]    ;
; N/A                                     ; None                                                ; 16.409 ns       ; pOperator[5] ; pOut[22]    ;
; N/A                                     ; None                                                ; 16.396 ns       ; pIn2[4]      ; pBranch_out ;
; N/A                                     ; None                                                ; 16.310 ns       ; pOperator[4] ; pOut[0]     ;
; N/A                                     ; None                                                ; 16.305 ns       ; pIn2[10]     ; pBranch_out ;
; N/A                                     ; None                                                ; 16.286 ns       ; pOperator[5] ; pOut[0]     ;
; N/A                                     ; None                                                ; 16.261 ns       ; pOperator[4] ; pOut[15]    ;
; N/A                                     ; None                                                ; 16.253 ns       ; pOperator[4] ; pOut[31]    ;
; N/A                                     ; None                                                ; 16.239 ns       ; pOperator[4] ; pOut[7]     ;
; N/A                                     ; None                                                ; 16.237 ns       ; pOperator[5] ; pOut[15]    ;
; N/A                                     ; None                                                ; 16.229 ns       ; pOperator[5] ; pOut[31]    ;
; N/A                                     ; None                                                ; 16.215 ns       ; pOperator[5] ; pOut[7]     ;
; N/A                                     ; None                                                ; 16.200 ns       ; pOperator[4] ; pOut[18]    ;
; N/A                                     ; None                                                ; 16.193 ns       ; pIn2[12]     ; pBranch_out ;
; N/A                                     ; None                                                ; 16.190 ns       ; pOperator[4] ; pOut[26]    ;
; N/A                                     ; None                                                ; 16.180 ns       ; pOperator[4] ; pOut[19]    ;
; N/A                                     ; None                                                ; 16.176 ns       ; pOperator[5] ; pOut[18]    ;
; N/A                                     ; None                                                ; 16.166 ns       ; pOperator[5] ; pOut[26]    ;
; N/A                                     ; None                                                ; 16.156 ns       ; pOperator[5] ; pOut[19]    ;
; N/A                                     ; None                                                ; 16.110 ns       ; pOperator[4] ; pOut[23]    ;
; N/A                                     ; None                                                ; 16.086 ns       ; pOperator[5] ; pOut[23]    ;
; N/A                                     ; None                                                ; 16.086 ns       ; pIn2[3]      ; pBranch_out ;
; N/A                                     ; None                                                ; 16.074 ns       ; pOperator[4] ; pOut[24]    ;
; N/A                                     ; None                                                ; 16.050 ns       ; pOperator[5] ; pOut[24]    ;
; N/A                                     ; None                                                ; 15.983 ns       ; pOperator[4] ; pOut[29]    ;
; N/A                                     ; None                                                ; 15.959 ns       ; pOperator[5] ; pOut[29]    ;
; N/A                                     ; None                                                ; 15.955 ns       ; pOperator[4] ; pOut[8]     ;
; N/A                                     ; None                                                ; 15.949 ns       ; pOperator[4] ; pOut[6]     ;
; N/A                                     ; None                                                ; 15.931 ns       ; pOperator[5] ; pOut[8]     ;
; N/A                                     ; None                                                ; 15.928 ns       ; pIn2[13]     ; pBranch_out ;
; N/A                                     ; None                                                ; 15.925 ns       ; pOperator[5] ; pOut[6]     ;
; N/A                                     ; None                                                ; 15.915 ns       ; pOperator[4] ; pOut[27]    ;
; N/A                                     ; None                                                ; 15.891 ns       ; pOperator[5] ; pOut[27]    ;
; N/A                                     ; None                                                ; 15.886 ns       ; pIn2[15]     ; pBranch_out ;
; N/A                                     ; None                                                ; 15.873 ns       ; pOperator[4] ; pOut[5]     ;
; N/A                                     ; None                                                ; 15.859 ns       ; pOperator[4] ; pOut[3]     ;
; N/A                                     ; None                                                ; 15.849 ns       ; pOperator[5] ; pOut[5]     ;
; N/A                                     ; None                                                ; 15.835 ns       ; pOperator[5] ; pOut[3]     ;
; N/A                                     ; None                                                ; 15.830 ns       ; pIn1[3]      ; pBranch_out ;
; N/A                                     ; None                                                ; 15.798 ns       ; pOperator[4] ; pOut[17]    ;
; N/A                                     ; None                                                ; 15.774 ns       ; pOperator[5] ; pOut[17]    ;
; N/A                                     ; None                                                ; 15.754 ns       ; pOperator[1] ; pOut[30]    ;
; N/A                                     ; None                                                ; 15.751 ns       ; pIn1[9]      ; pBranch_out ;
; N/A                                     ; None                                                ; 15.744 ns       ; pOperator[4] ; pOut[11]    ;
; N/A                                     ; None                                                ; 15.740 ns       ; pOperator[4] ; pOut[28]    ;
; N/A                                     ; None                                                ; 15.726 ns       ; pOperator[2] ; pOut[30]    ;
; N/A                                     ; None                                                ; 15.725 ns       ; pOperator[4] ; pOut[16]    ;
; N/A                                     ; None                                                ; 15.725 ns       ; pIn2[14]     ; pBranch_out ;
; N/A                                     ; None                                                ; 15.720 ns       ; pOperator[5] ; pOut[11]    ;
; N/A                                     ; None                                                ; 15.716 ns       ; pOperator[5] ; pOut[28]    ;
; N/A                                     ; None                                                ; 15.701 ns       ; pOperator[5] ; pOut[16]    ;
; N/A                                     ; None                                                ; 15.670 ns       ; pOperator[4] ; pOut[14]    ;
; N/A                                     ; None                                                ; 15.667 ns       ; pOperator[1] ; pOut[25]    ;
; N/A                                     ; None                                                ; 15.659 ns       ; pOperator[4] ; pOut[1]     ;
; N/A                                     ; None                                                ; 15.646 ns       ; pOperator[5] ; pOut[14]    ;
; N/A                                     ; None                                                ; 15.639 ns       ; pOperator[2] ; pOut[25]    ;
; N/A                                     ; None                                                ; 15.635 ns       ; pOperator[5] ; pOut[1]     ;
; N/A                                     ; None                                                ; 15.600 ns       ; pOperator[4] ; pOut[13]    ;
; N/A                                     ; None                                                ; 15.597 ns       ; pIn2[19]     ; pBranch_out ;
; N/A                                     ; None                                                ; 15.594 ns       ; pOperator[1] ; pOut[22]    ;
; N/A                                     ; None                                                ; 15.576 ns       ; pOperator[5] ; pOut[13]    ;
; N/A                                     ; None                                                ; 15.566 ns       ; pOperator[2] ; pOut[22]    ;
; N/A                                     ; None                                                ; 15.545 ns       ; pIn2[17]     ; pBranch_out ;
; N/A                                     ; None                                                ; 15.529 ns       ; pIn1[14]     ; pBranch_out ;
; N/A                                     ; None                                                ; 15.500 ns       ; pIn2[16]     ; pBranch_out ;
; N/A                                     ; None                                                ; 15.482 ns       ; pOperator[4] ; pOut[9]     ;
; N/A                                     ; None                                                ; 15.472 ns       ; pOperator[4] ; pOut[21]    ;
; N/A                                     ; None                                                ; 15.471 ns       ; pOperator[1] ; pOut[0]     ;
; N/A                                     ; None                                                ; 15.465 ns       ; pIn1[13]     ; pBranch_out ;
; N/A                                     ; None                                                ; 15.459 ns       ; pOperator[4] ; pOut[20]    ;
; N/A                                     ; None                                                ; 15.458 ns       ; pOperator[5] ; pOut[9]     ;
; N/A                                     ; None                                                ; 15.448 ns       ; pOperator[5] ; pOut[21]    ;
; N/A                                     ; None                                                ; 15.443 ns       ; pOperator[2] ; pOut[0]     ;
; N/A                                     ; None                                                ; 15.435 ns       ; pOperator[5] ; pOut[20]    ;
; N/A                                     ; None                                                ; 15.422 ns       ; pOperator[1] ; pOut[15]    ;
; N/A                                     ; None                                                ; 15.414 ns       ; pOperator[1] ; pOut[31]    ;
; N/A                                     ; None                                                ; 15.400 ns       ; pOperator[1] ; pOut[7]     ;
; N/A                                     ; None                                                ; 15.396 ns       ; pIn1[4]      ; pBranch_out ;
; N/A                                     ; None                                                ; 15.394 ns       ; pOperator[2] ; pOut[15]    ;
; N/A                                     ; None                                                ; 15.386 ns       ; pOperator[2] ; pOut[31]    ;
; N/A                                     ; None                                                ; 15.372 ns       ; pOperator[2] ; pOut[7]     ;
; N/A                                     ; None                                                ; 15.361 ns       ; pOperator[1] ; pOut[18]    ;
; N/A                                     ; None                                                ; 15.351 ns       ; pOperator[1] ; pOut[26]    ;
; N/A                                     ; None                                                ; 15.341 ns       ; pOperator[1] ; pOut[19]    ;
; N/A                                     ; None                                                ; 15.335 ns       ; pIn1[0]      ; pBranch_out ;
; N/A                                     ; None                                                ; 15.333 ns       ; pOperator[2] ; pOut[18]    ;
; N/A                                     ; None                                                ; 15.323 ns       ; pOperator[2] ; pOut[26]    ;
; N/A                                     ; None                                                ; 15.316 ns       ; pIn2[21]     ; pBranch_out ;
; N/A                                     ; None                                                ; 15.313 ns       ; pOperator[2] ; pOut[19]    ;
; N/A                                     ; None                                                ; 15.298 ns       ; pIn2[20]     ; pBranch_out ;
; N/A                                     ; None                                                ; 15.289 ns       ; pIn1[1]      ; pBranch_out ;
; N/A                                     ; None                                                ; 15.271 ns       ; pOperator[1] ; pOut[23]    ;
; N/A                                     ; None                                                ; 15.267 ns       ; pOperator[4] ; pOut[2]     ;
; N/A                                     ; None                                                ; 15.249 ns       ; pIn1[5]      ; pBranch_out ;
; N/A                                     ; None                                                ; 15.243 ns       ; pOperator[2] ; pOut[23]    ;
; N/A                                     ; None                                                ; 15.243 ns       ; pOperator[5] ; pOut[2]     ;
; N/A                                     ; None                                                ; 15.243 ns       ; pIn2[25]     ; pBranch_out ;
; N/A                                     ; None                                                ; 15.235 ns       ; pOperator[1] ; pOut[24]    ;
; N/A                                     ; None                                                ; 15.216 ns       ; pOperator[4] ; pOut[4]     ;
; N/A                                     ; None                                                ; 15.207 ns       ; pOperator[2] ; pOut[24]    ;
; N/A                                     ; None                                                ; 15.192 ns       ; pOperator[5] ; pOut[4]     ;
; N/A                                     ; None                                                ; 15.183 ns       ; pOperator[4] ; pOut[10]    ;
; N/A                                     ; None                                                ; 15.183 ns       ; pIn1[11]     ; pBranch_out ;
; N/A                                     ; None                                                ; 15.159 ns       ; pOperator[5] ; pOut[10]    ;
; N/A                                     ; None                                                ; 15.150 ns       ; pIn2[23]     ; pBranch_out ;
; N/A                                     ; None                                                ; 15.144 ns       ; pOperator[1] ; pOut[29]    ;
; N/A                                     ; None                                                ; 15.139 ns       ; pOperator[0] ; pOut[30]    ;
; N/A                                     ; None                                                ; 15.138 ns       ; pIn2[26]     ; pBranch_out ;
; N/A                                     ; None                                                ; 15.132 ns       ; pIn1[10]     ; pBranch_out ;
; N/A                                     ; None                                                ; 15.117 ns       ; pIn1[8]      ; pBranch_out ;
; N/A                                     ; None                                                ; 15.116 ns       ; pOperator[2] ; pOut[29]    ;
; N/A                                     ; None                                                ; 15.116 ns       ; pOperator[1] ; pOut[8]     ;
; N/A                                     ; None                                                ; 15.116 ns       ; pOperator[3] ; pBranch_out ;
; N/A                                     ; None                                                ; 15.110 ns       ; pOperator[1] ; pOut[6]     ;
; N/A                                     ; None                                                ; 15.106 ns       ; pIn1[6]      ; pBranch_out ;
; N/A                                     ; None                                                ; 15.088 ns       ; pOperator[2] ; pOut[8]     ;
; N/A                                     ; None                                                ; 15.082 ns       ; pOperator[2] ; pOut[6]     ;
; N/A                                     ; None                                                ; 15.076 ns       ; pOperator[1] ; pOut[27]    ;
; N/A                                     ; None                                                ; 15.057 ns       ; pIn1[12]     ; pBranch_out ;
; N/A                                     ; None                                                ; 15.052 ns       ; pOperator[0] ; pOut[25]    ;
; N/A                                     ; None                                                ; 15.048 ns       ; pOperator[2] ; pOut[27]    ;
; N/A                                     ; None                                                ; 15.034 ns       ; pOperator[1] ; pOut[5]     ;
; N/A                                     ; None                                                ; 15.031 ns       ; pIn2[24]     ; pBranch_out ;
; N/A                                     ; None                                                ; 15.020 ns       ; pOperator[1] ; pOut[3]     ;
; N/A                                     ; None                                                ; 15.020 ns       ; pIn2[22]     ; pBranch_out ;
; N/A                                     ; None                                                ; 15.017 ns       ; pIn1[7]      ; pBranch_out ;
; N/A                                     ; None                                                ; 15.006 ns       ; pOperator[2] ; pOut[5]     ;
; N/A                                     ; None                                                ; 14.992 ns       ; pOperator[2] ; pOut[3]     ;
; N/A                                     ; None                                                ; 14.980 ns       ; pIn1[2]      ; pBranch_out ;
; N/A                                     ; None                                                ; 14.979 ns       ; pOperator[0] ; pOut[22]    ;
; N/A                                     ; None                                                ; 14.959 ns       ; pOperator[1] ; pOut[17]    ;
; N/A                                     ; None                                                ; 14.956 ns       ; pOperator[4] ; pOut[12]    ;
; N/A                                     ; None                                                ; 14.932 ns       ; pOperator[5] ; pOut[12]    ;
; N/A                                     ; None                                                ; 14.931 ns       ; pOperator[2] ; pOut[17]    ;
; N/A                                     ; None                                                ; 14.905 ns       ; pOperator[1] ; pOut[11]    ;
; N/A                                     ; None                                                ; 14.901 ns       ; pOperator[1] ; pOut[28]    ;
; N/A                                     ; None                                                ; 14.886 ns       ; pOperator[1] ; pOut[16]    ;
; N/A                                     ; None                                                ; 14.879 ns       ; pIn2[29]     ; pBranch_out ;
; N/A                                     ; None                                                ; 14.877 ns       ; pOperator[2] ; pOut[11]    ;
; N/A                                     ; None                                                ; 14.873 ns       ; pOperator[2] ; pOut[28]    ;
; N/A                                     ; None                                                ; 14.858 ns       ; pOperator[2] ; pOut[16]    ;
; N/A                                     ; None                                                ; 14.856 ns       ; pOperator[0] ; pOut[0]     ;
; N/A                                     ; None                                                ; 14.831 ns       ; pOperator[1] ; pOut[14]    ;
; N/A                                     ; None                                                ; 14.820 ns       ; pOperator[1] ; pOut[1]     ;
; N/A                                     ; None                                                ; 14.819 ns       ; pIn2[18]     ; pBranch_out ;
; N/A                                     ; None                                                ; 14.807 ns       ; pOperator[0] ; pOut[15]    ;
; N/A                                     ; None                                                ; 14.803 ns       ; pOperator[2] ; pOut[14]    ;
; N/A                                     ; None                                                ; 14.799 ns       ; pOperator[0] ; pOut[31]    ;
; N/A                                     ; None                                                ; 14.792 ns       ; pOperator[2] ; pOut[1]     ;
; N/A                                     ; None                                                ; 14.785 ns       ; pOperator[0] ; pOut[7]     ;
; N/A                                     ; None                                                ; 14.761 ns       ; pOperator[1] ; pOut[13]    ;
; N/A                                     ; None                                                ; 14.746 ns       ; pOperator[0] ; pOut[18]    ;
; N/A                                     ; None                                                ; 14.736 ns       ; pOperator[0] ; pOut[26]    ;
; N/A                                     ; None                                                ; 14.733 ns       ; pOperator[2] ; pOut[13]    ;
; N/A                                     ; None                                                ; 14.726 ns       ; pOperator[0] ; pOut[19]    ;
; N/A                                     ; None                                                ; 14.726 ns       ; pIn2[28]     ; pBranch_out ;
; N/A                                     ; None                                                ; 14.656 ns       ; pOperator[0] ; pOut[23]    ;
; N/A                                     ; None                                                ; 14.643 ns       ; pOperator[1] ; pOut[9]     ;
; N/A                                     ; None                                                ; 14.633 ns       ; pOperator[1] ; pOut[21]    ;
; N/A                                     ; None                                                ; 14.620 ns       ; pOperator[0] ; pOut[24]    ;
; N/A                                     ; None                                                ; 14.620 ns       ; pOperator[1] ; pOut[20]    ;
; N/A                                     ; None                                                ; 14.615 ns       ; pOperator[2] ; pOut[9]     ;
; N/A                                     ; None                                                ; 14.605 ns       ; pOperator[2] ; pOut[21]    ;
; N/A                                     ; None                                                ; 14.592 ns       ; pOperator[2] ; pOut[20]    ;
; N/A                                     ; None                                                ; 14.531 ns       ; pIn2[0]      ; pOut[30]    ;
; N/A                                     ; None                                                ; 14.529 ns       ; pOperator[0] ; pOut[29]    ;
; N/A                                     ; None                                                ; 14.529 ns       ; pIn1[21]     ; pBranch_out ;
; N/A                                     ; None                                                ; 14.511 ns       ; pIn2[30]     ; pBranch_out ;
; N/A                                     ; None                                                ; 14.501 ns       ; pOperator[0] ; pOut[8]     ;
; N/A                                     ; None                                                ; 14.495 ns       ; pOperator[0] ; pOut[6]     ;
; N/A                                     ; None                                                ; 14.461 ns       ; pOperator[0] ; pOut[27]    ;
; N/A                                     ; None                                                ; 14.461 ns       ; pIn1[15]     ; pBranch_out ;
; N/A                                     ; None                                                ; 14.444 ns       ; pIn2[0]      ; pOut[25]    ;
; N/A                                     ; None                                                ; 14.428 ns       ; pIn2[0]      ; pOut[15]    ;
; N/A                                     ; None                                                ; 14.428 ns       ; pOperator[1] ; pOut[2]     ;
; N/A                                     ; None                                                ; 14.419 ns       ; pOperator[0] ; pOut[5]     ;
; N/A                                     ; None                                                ; 14.418 ns       ; pIn2[0]      ; pOut[7]     ;
; N/A                                     ; None                                                ; 14.405 ns       ; pOperator[0] ; pOut[3]     ;
; N/A                                     ; None                                                ; 14.400 ns       ; pOperator[2] ; pOut[2]     ;
; N/A                                     ; None                                                ; 14.377 ns       ; pOperator[1] ; pOut[4]     ;
; Timing analysis restricted to 200 rows. ; To change the limit use Settings (Assignments menu) ;                 ;              ;             ;
+-----------------------------------------+-----------------------------------------------------+-----------------+--------------+-------------+


+--------------------------+
; Timing Analyzer Messages ;
+--------------------------+
Info: *******************************************************************
Info: Running Quartus II Classic Timing Analyzer
    Info: Version 9.1 Build 350 03/24/2010 Service Pack 2 SJ Web Edition
    Info: Processing started: Thu Nov 27 14:27:07 2014
Info: Command: quartus_tan --read_settings_files=off --write_settings_files=off ALU -c eALU --timing_analysis_only
Info: Longest tpd from source pin "pOperator[4]" to destination pin "pBranch_out" is 18.909 ns
    Info: 1: + IC(0.000 ns) + CELL(1.087 ns) = 1.087 ns; Loc. = PIN_G16; Fanout = 1; PIN Node = 'pOperator[4]'
    Info: 2: + IC(4.445 ns) + CELL(0.280 ns) = 5.812 ns; Loc. = LC_X25_Y29_N9; Fanout = 2; COMB Node = 'sO[0]~1'
    Info: 3: + IC(0.313 ns) + CELL(0.280 ns) = 6.405 ns; Loc. = LC_X25_Y29_N5; Fanout = 65; COMB Node = 'Equal0~0'
    Info: 4: + IC(1.032 ns) + CELL(0.280 ns) = 7.717 ns; Loc. = LC_X25_Y28_N1; Fanout = 3; COMB Node = 'Add0~236'
    Info: 5: + IC(1.169 ns) + CELL(0.344 ns) = 9.230 ns; Loc. = LC_X28_Y27_N1; Fanout = 2; COMB Node = 'Add0~45'
    Info: 6: + IC(0.000 ns) + CELL(0.058 ns) = 9.288 ns; Loc. = LC_X28_Y27_N2; Fanout = 2; COMB Node = 'Add0~52'
    Info: 7: + IC(0.000 ns) + CELL(0.058 ns) = 9.346 ns; Loc. = LC_X28_Y27_N3; Fanout = 2; COMB Node = 'Add0~59'
    Info: 8: + IC(0.000 ns) + CELL(0.130 ns) = 9.476 ns; Loc. = LC_X28_Y27_N4; Fanout = 6; COMB Node = 'Add0~66'
    Info: 9: + IC(0.000 ns) + CELL(0.142 ns) = 9.618 ns; Loc. = LC_X28_Y27_N9; Fanout = 6; COMB Node = 'Add0~101'
    Info: 10: + IC(0.000 ns) + CELL(0.469 ns) = 10.087 ns; Loc. = LC_X28_Y26_N0; Fanout = 1; COMB Node = 'Add0~106'
    Info: 11: + IC(1.181 ns) + CELL(0.366 ns) = 11.634 ns; Loc. = LC_X25_Y27_N3; Fanout = 2; COMB Node = 'Add0~112'
    Info: 12: + IC(0.330 ns) + CELL(0.366 ns) = 12.330 ns; Loc. = LC_X25_Y27_N4; Fanout = 1; COMB Node = 'Equal1~3'
    Info: 13: + IC(1.175 ns) + CELL(0.183 ns) = 13.688 ns; Loc. = LC_X27_Y28_N7; Fanout = 1; COMB Node = 'Equal1~4'
    Info: 14: + IC(0.780 ns) + CELL(0.366 ns) = 14.834 ns; Loc. = LC_X29_Y28_N4; Fanout = 1; COMB Node = 'pBranch_out~0'
    Info: 15: + IC(1.671 ns) + CELL(2.404 ns) = 18.909 ns; Loc. = PIN_G8; Fanout = 0; PIN Node = 'pBranch_out'
    Info: Total cell delay = 6.813 ns ( 36.03 % )
    Info: Total interconnect delay = 12.096 ns ( 63.97 % )
Info: Quartus II Classic Timing Analyzer was successful. 0 errors, 0 warnings
    Info: Peak virtual memory: 187 megabytes
    Info: Processing ended: Thu Nov 27 14:27:08 2014
    Info: Elapsed time: 00:00:01
    Info: Total CPU time (on all processors): 00:00:01


