Flow report for eSignExtend
Thu Nov 27 09:37:59 2014
Quartus II Version 9.1 Build 350 03/24/2010 Service Pack 2 SJ Web Edition


---------------------
; Table of Contents ;
---------------------
  1. Legal Notice
  2. Flow Summary
  3. Flow Settings
  4. Flow Non-Default Global Settings
  5. Flow Elapsed Time
  6. Flow OS Summary
  7. Flow Log



----------------
; Legal Notice ;
----------------
Copyright (C) 1991-2010 Altera Corporation
Your use of Altera Corporation's design tools, logic functions 
and other software and tools, and its AMPP partner logic 
functions, and any output files from any of the foregoing 
(including device programming or simulation files), and any 
associated documentation or information are expressly subject 
to the terms and conditions of the Altera Program License 
Subscription Agreement, Altera MegaCore Function License 
Agreement, or other applicable license agreement, including, 
without limitation, that your use is for the sole purpose of 
programming logic devices manufactured by Altera and sold by 
Altera or its authorized distributors.  Please refer to the 
applicable agreement for further details.



+-------------------------------------------------------------------------+
; Flow Summary                                                            ;
+--------------------------+----------------------------------------------+
; Flow Status              ; Successful - Thu Nov 27 09:37:59 2014        ;
; Quartus II Version       ; 9.1 Build 350 03/24/2010 SP 2 SJ Web Edition ;
; Revision Name            ; eSignExtend                                  ;
; Top-level Entity Name    ; eSignExtend                                  ;
; Family                   ; Stratix                                      ;
; Met timing requirements  ; Yes                                          ;
; Total logic elements     ; 0 / 10,570 ( 0 % )                           ;
; Total pins               ; 48 / 336 ( 14 % )                            ;
; Total virtual pins       ; 0                                            ;
; Total memory bits        ; 0 / 920,448 ( 0 % )                          ;
; DSP block 9-bit elements ; 0 / 48 ( 0 % )                               ;
; Total PLLs               ; 0 / 6 ( 0 % )                                ;
; Total DLLs               ; 0 / 2 ( 0 % )                                ;
; Device                   ; EP1S10F484C5                                 ;
; Timing Models            ; Final                                        ;
+--------------------------+----------------------------------------------+


+-----------------------------------------+
; Flow Settings                           ;
+-------------------+---------------------+
; Option            ; Setting             ;
+-------------------+---------------------+
; Start date & time ; 11/27/2014 09:37:29 ;
; Main task         ; Compilation         ;
; Revision Name     ; eSignExtend         ;
+-------------------+---------------------+


+---------------------------------------------------------------------------------------------------+
; Flow Non-Default Global Settings                                                                  ;
+-----------------------+--------------------------------+---------------+-------------+------------+
; Assignment Name       ; Value                          ; Default Value ; Entity Name ; Section Id ;
+-----------------------+--------------------------------+---------------+-------------+------------+
; COMPILER_SIGNATURE_ID ; 99401387431553.141704864800968 ; --            ; --          ; --         ;
+-----------------------+--------------------------------+---------------+-------------+------------+


+-----------------------------------------------------------------------------------------------------------------------------+
; Flow Elapsed Time                                                                                                           ;
+-------------------------+--------------+-------------------------+---------------------+------------------------------------+
; Module Name             ; Elapsed Time ; Average Processors Used ; Peak Virtual Memory ; Total CPU Time (on all processors) ;
+-------------------------+--------------+-------------------------+---------------------+------------------------------------+
; Analysis & Synthesis    ; 00:00:04     ; 1.0                     ; 238 MB              ; 00:00:04                           ;
; Fitter                  ; 00:00:13     ; 1.0                     ; 279 MB              ; 00:00:14                           ;
; Assembler               ; 00:00:04     ; 1.0                     ; 246 MB              ; 00:00:04                           ;
; Classic Timing Analyzer ; 00:00:00     ; 1.0                     ; 167 MB              ; 00:00:01                           ;
; Total                   ; 00:00:21     ; --                      ; --                  ; 00:00:23                           ;
+-------------------------+--------------+-------------------------+---------------------+------------------------------------+


+------------------------------------------------------------------------------------------+
; Flow OS Summary                                                                          ;
+-------------------------+------------------+---------------+------------+----------------+
; Module Name             ; Machine Hostname ; OS Name       ; OS Version ; Processor type ;
+-------------------------+------------------+---------------+------------+----------------+
; Analysis & Synthesis    ; SAMSUNG          ; Windows Vista ; 6.2        ; x86_64         ;
; Fitter                  ; SAMSUNG          ; Windows Vista ; 6.2        ; x86_64         ;
; Assembler               ; SAMSUNG          ; Windows Vista ; 6.2        ; x86_64         ;
; Classic Timing Analyzer ; SAMSUNG          ; Windows Vista ; 6.2        ; x86_64         ;
+-------------------------+------------------+---------------+------------+----------------+


------------
; Flow Log ;
------------
quartus_map --read_settings_files=on --write_settings_files=off SignExtend -c eSignExtend
quartus_fit --read_settings_files=off --write_settings_files=off SignExtend -c eSignExtend
quartus_asm --read_settings_files=off --write_settings_files=off SignExtend -c eSignExtend
quartus_tan --read_settings_files=off --write_settings_files=off SignExtend -c eSignExtend --timing_analysis_only



