Analysis & Synthesis report for eEX
Thu May 18 23:19:17 2006
Version 5.0 Build 148 04/26/2005 SJ Full Version


---------------------
; Table of Contents ;
---------------------
  1. Legal Notice
  2. Analysis & Synthesis Summary
  3. Analysis & Synthesis Settings
  4. Analysis & Synthesis Source Files Read
  5. Analysis & Synthesis Resource Usage Summary
  6. Analysis & Synthesis Resource Utilization by Entity
  7. General Register Statistics
  8. Multiplexer Restructuring Statistics (Restructuring Performed)
  9. Analysis & Synthesis Equations
 10. Analysis & Synthesis Messages



----------------
; Legal Notice ;
----------------
Copyright (C) 1991-2005 Altera Corporation
Your use of Altera Corporation's design tools, logic functions 
and other software and tools, and its AMPP partner logic       
functions, and any output files any of the foregoing           
(including device programming or simulation files), and any    
associated documentation or information are expressly subject  
to the terms and conditions of the Altera Program License      
Subscription Agreement, Altera MegaCore Function License       
Agreement, or other applicable license agreement, including,   
without limitation, that your use is for the sole purpose of   
programming logic devices manufactured by Altera and sold by   
Altera or its authorized distributors.  Please refer to the    
applicable agreement for further details.



+------------------------------------------------------------------------+
; Analysis & Synthesis Summary                                           ;
+-----------------------------+------------------------------------------+
; Analysis & Synthesis Status ; Successful - Thu May 18 23:19:17 2006    ;
; Quartus II Version          ; 5.0 Build 148 04/26/2005 SJ Full Version ;
; Revision Name               ; eEX                                      ;
; Top-level Entity Name       ; eEX                                      ;
; Family                      ; Stratix                                  ;
; Total logic elements        ; 248                                      ;
; Total pins                  ; 188                                      ;
; Total virtual pins          ; 0                                        ;
; Total memory bits           ; 0                                        ;
; DSP block 9-bit elements    ; 0                                        ;
; Total PLLs                  ; 0                                        ;
; Total DLLs                  ; 0                                        ;
+-----------------------------+------------------------------------------+


+---------------------------------------------------------------------------------------------------+
; Analysis & Synthesis Settings                                                                     ;
+--------------------------------------------------------------------+--------------+---------------+
; Option                                                             ; Setting      ; Default Value ;
+--------------------------------------------------------------------+--------------+---------------+
; Top-level entity name                                              ; eEX          ; eEX           ;
; Family name                                                        ; Stratix      ; Stratix       ;
; Use smart compilation                                              ; Off          ; Off           ;
; Restructure Multiplexers                                           ; Auto         ; Auto          ;
; Create Debugging Nodes for IP Cores                                ; off          ; off           ;
; Preserve fewer node names                                          ; On           ; On            ;
; Disable OpenCore Plus hardware evaluation                          ; Off          ; Off           ;
; Verilog Version                                                    ; Verilog_2001 ; Verilog_2001  ;
; VHDL Version                                                       ; VHDL93       ; VHDL93        ;
; State Machine Processing                                           ; Auto         ; Auto          ;
; Extract Verilog State Machines                                     ; On           ; On            ;
; Extract VHDL State Machines                                        ; On           ; On            ;
; Add Pass-Through Logic to Inferred RAMs                            ; On           ; On            ;
; DSP Block Balancing                                                ; Auto         ; Auto          ;
; Maximum DSP Block Usage                                            ; -1           ; -1            ;
; NOT Gate Push-Back                                                 ; On           ; On            ;
; Power-Up Don't Care                                                ; On           ; On            ;
; Remove Redundant Logic Cells                                       ; Off          ; Off           ;
; Remove Duplicate Registers                                         ; On           ; On            ;
; Ignore CARRY Buffers                                               ; Off          ; Off           ;
; Ignore CASCADE Buffers                                             ; Off          ; Off           ;
; Ignore GLOBAL Buffers                                              ; Off          ; Off           ;
; Ignore ROW GLOBAL Buffers                                          ; Off          ; Off           ;
; Ignore LCELL Buffers                                               ; Off          ; Off           ;
; Ignore SOFT Buffers                                                ; On           ; On            ;
; Limit AHDL Integers to 32 Bits                                     ; Off          ; Off           ;
; Optimization Technique -- Stratix/Stratix GX                       ; Balanced     ; Balanced      ;
; Carry Chain Length -- Stratix/Stratix GX/Cyclone/MAX II/Cyclone II ; 70           ; 70            ;
; Auto Carry Chains                                                  ; On           ; On            ;
; Auto Open-Drain Pins                                               ; On           ; On            ;
; Remove Duplicate Logic                                             ; On           ; On            ;
; Perform WYSIWYG Primitive Resynthesis                              ; Off          ; Off           ;
; Perform gate-level register retiming                               ; Off          ; Off           ;
; Allow register retiming to trade off Tsu/Tco with Fmax             ; On           ; On            ;
; Auto ROM Replacement                                               ; On           ; On            ;
; Auto RAM Replacement                                               ; On           ; On            ;
; Auto DSP Block Replacement                                         ; On           ; On            ;
; Auto Shift Register Replacement                                    ; On           ; On            ;
; Auto Clock Enable Replacement                                      ; On           ; On            ;
; Allows Synchronous Control Signal Usage in Normal Mode Logic Cells ; On           ; On            ;
; Auto RAM Block Balancing                                           ; On           ; On            ;
; Auto Resource Sharing                                              ; Off          ; Off           ;
; Allow Any RAM Size For Recognition                                 ; Off          ; Off           ;
; Allow Any ROM Size For Recognition                                 ; Off          ; Off           ;
; Allow Any Shift Register Size For Recognition                      ; Off          ; Off           ;
; Maximum Number of M512 Memory Blocks                               ; -1           ; -1            ;
; Maximum Number of M4K Memory Blocks                                ; -1           ; -1            ;
; Maximum Number of M-RAM Memory Blocks                              ; -1           ; -1            ;
; Ignore translate_off and translate_on Synthesis Directives         ; Off          ; Off           ;
; Show Parameter Settings Tables in Synthesis Report                 ; On           ; On            ;
+--------------------------------------------------------------------+--------------+---------------+


+--------------------------------------------------------------------------------------------------------------------------------------+
; Analysis & Synthesis Source Files Read                                                                                               ;
+----------------------------------+-----------------+-----------------+---------------------------------------------------------------+
; File Name with User-Entered Path ; Used in Netlist ; File Type       ; File Name with Absolute Path                                  ;
+----------------------------------+-----------------+-----------------+---------------------------------------------------------------+
; eEX.vhd                          ; yes             ; User VHDL File  ; D:/Work/Quartus/2006/MIPS/pipeline/step1_stages/EX/eEX.vhd    ;
; eMUX5.vhd                        ; yes             ; User VHDL File  ; D:/Work/Quartus/2006/MIPS/pipeline/step1_stages/EX/eMUX5.vhd  ;
; eMUX32.vhd                       ; yes             ; User VHDL File  ; D:/Work/Quartus/2006/MIPS/pipeline/step1_stages/EX/eMUX32.vhd ;
; eALU.vhd                         ; yes             ; User VHDL File  ; D:/Work/Quartus/2006/MIPS/pipeline/step1_stages/EX/eALU.vhd   ;
+----------------------------------+-----------------+-----------------+---------------------------------------------------------------+


+----------------------------------------------------+
; Analysis & Synthesis Resource Usage Summary        ;
+-----------------------------------+----------------+
; Resource                          ; Usage          ;
+-----------------------------------+----------------+
; Total logic elements              ; 248            ;
; Total combinational functions     ; 248            ;
;     -- Total 4-input functions    ; 112            ;
;     -- Total 3-input functions    ; 101            ;
;     -- Total 2-input functions    ; 35             ;
;     -- Total 1-input functions    ; 0              ;
;     -- Total 0-input functions    ; 0              ;
; Combinational cells for routing   ; 0              ;
; Total registers                   ; 0              ;
; Total logic cells in carry chains ; 33             ;
; I/O pins                          ; 188            ;
; Maximum fan-out node              ; pControl_in[3] ;
; Maximum fan-out                   ; 67             ;
; Total fan-out                     ; 927            ;
; Average fan-out                   ; 2.13           ;
+-----------------------------------+----------------+


+--------------------------------------------------------------------------------------------------------------------------------------------------------------------------------------------------------------------------------------------+
; Analysis & Synthesis Resource Utilization by Entity                                                                                                                                                                                        ;
+----------------------------+-------------+--------------+-------------+--------------+---------+-----------+-----------+------+--------------+--------------+-------------------+------------------+-----------------+---------------------+
; Compilation Hierarchy Node ; Logic Cells ; LC Registers ; Memory Bits ; DSP Elements ; DSP 9x9 ; DSP 18x18 ; DSP 36x36 ; Pins ; Virtual Pins ; LUT-Only LCs ; Register-Only LCs ; LUT/Register LCs ; Carry Chain LCs ; Full Hierarchy Name ;
+----------------------------+-------------+--------------+-------------+--------------+---------+-----------+-----------+------+--------------+--------------+-------------------+------------------+-----------------+---------------------+
; |eEX                       ; 248 (0)     ; 0            ; 0           ; 0            ; 0       ; 0         ; 0         ; 188  ; 0            ; 248 (0)      ; 0 (0)             ; 0 (0)            ; 33 (0)          ; |eEX                ;
;    |eALU:cALU|             ; 211 (211)   ; 0            ; 0           ; 0            ; 0       ; 0         ; 0         ; 0    ; 0            ; 211 (211)    ; 0 (0)             ; 0 (0)            ; 33 (33)         ; |eEX|eALU:cALU      ;
;    |eMUX5:cMUX5|           ; 5 (5)       ; 0            ; 0           ; 0            ; 0       ; 0         ; 0         ; 0    ; 0            ; 5 (5)        ; 0 (0)             ; 0 (0)            ; 0 (0)           ; |eEX|eMUX5:cMUX5    ;
;    |eMux32:cMUX32|         ; 32 (32)     ; 0            ; 0           ; 0            ; 0       ; 0         ; 0         ; 0    ; 0            ; 32 (32)      ; 0 (0)             ; 0 (0)            ; 0 (0)           ; |eEX|eMux32:cMUX32  ;
+----------------------------+-------------+--------------+-------------+--------------+---------+-----------+-----------+------+--------------+--------------+-------------------+------------------+-----------------+---------------------+
Note: For table entries with two numbers listed, the numbers in parentheses indicate the number of resources of the given type used by the specific entity alone. The numbers listed outside of parentheses indicate the total resources of the given type used by the specific entity and all of its sub-entities in the hierarchy.


+------------------------------------------------------+
; General Register Statistics                          ;
+----------------------------------------------+-------+
; Statistic                                    ; Value ;
+----------------------------------------------+-------+
; Total registers                              ; 0     ;
; Number of registers using Synchronous Clear  ; 0     ;
; Number of registers using Synchronous Load   ; 0     ;
; Number of registers using Asynchronous Clear ; 0     ;
; Number of registers using Asynchronous Load  ; 0     ;
; Number of registers using Clock Enable       ; 0     ;
; Number of registers using Preset             ; 0     ;
+----------------------------------------------+-------+


+------------------------------------------------------------------------------------------------------------------------------------------+
; Multiplexer Restructuring Statistics (Restructuring Performed)                                                                           ;
+--------------------+-----------+---------------+----------------------+------------------------+------------+----------------------------+
; Multiplexer Inputs ; Bus Width ; Baseline Area ; Area if Restructured ; Saving if Restructured ; Registered ; Example Multiplexer Output ;
+--------------------+-----------+---------------+----------------------+------------------------+------------+----------------------------+
; 8:1                ; 32 bits   ; 160 LEs       ; 32 LEs               ; 128 LEs                ; No         ; |eEX|eALU:cALU|add~0       ;
; 8:1                ; 32 bits   ; 160 LEs       ; 64 LEs               ; 96 LEs                 ; No         ; |eEX|eALU:cALU|sO[31]      ;
; 9:1                ; 32 bits   ; 192 LEs       ; 64 LEs               ; 128 LEs                ; No         ; |eEX|eALU:cALU|add~0       ;
+--------------------+-----------+---------------+----------------------+------------------------+------------+----------------------------+


+--------------------------------+
; Analysis & Synthesis Equations ;
+--------------------------------+
The equations can be found in D:/Work/Quartus/2006/MIPS/pipeline/step1_stages/EX/eEX.map.eqn.


+-------------------------------+
; Analysis & Synthesis Messages ;
+-------------------------------+
Info: *******************************************************************
Info: Running Quartus II Analysis & Synthesis
    Info: Version 5.0 Build 148 04/26/2005 SJ Full Version
    Info: Processing started: Thu May 18 23:19:08 2006
Info: Command: quartus_map --read_settings_files=on --write_settings_files=off eEX -c eEX
Info: Found 2 design units, including 1 entities, in source file eEX.vhd
    Info: Found design unit 1: eEX-behavior
    Info: Found entity 1: eEX
Info: Found 2 design units, including 1 entities, in source file eMUX5.vhd
    Info: Found design unit 1: eMUX5-logic
    Info: Found entity 1: eMUX5
Info: Found 2 design units, including 1 entities, in source file eMUX32.vhd
    Info: Found design unit 1: eMux32-logic
    Info: Found entity 1: eMux32
Info: Found 2 design units, including 1 entities, in source file eALU.vhd
    Info: Found design unit 1: eALU-behavior
    Info: Found entity 1: eALU
Info: Elaborating entity "eEX" for the top level hierarchy
Info: Elaborating entity "eMUX5" for hierarchy "eMUX5:cMUX5"
Warning: VHDL Process Statement warning at eMUX5.vhd(18): signal "pIn1" is read inside the Process Statement but isn't in the Process Statement's sensivitity list
Warning: VHDL Process Statement warning at eMUX5.vhd(20): signal "pIn0" is read inside the Process Statement but isn't in the Process Statement's sensivitity list
Info: Elaborating entity "eMux32" for hierarchy "eMux32:cMUX32"
Warning: VHDL Process Statement warning at eMUX32.vhd(18): signal "pIn0" is read inside the Process Statement but isn't in the Process Statement's sensivitity list
Warning: VHDL Process Statement warning at eMUX32.vhd(20): signal "pIn1" is read inside the Process Statement but isn't in the Process Statement's sensivitity list
Info: Elaborating entity "eALU" for hierarchy "eALU:cALU"
Warning: VHDL Process Statement warning at eALU.vhd(25): signal "pOperator" is read inside the Process Statement but isn't in the Process Statement's sensivitity list
Warning: VHDL Process Statement warning at eALU.vhd(39): signal "sO" is read inside the Process Statement but isn't in the Process Statement's sensivitity list
Warning: VHDL Process Statement warning at eALU.vhd(67): signal "sBranch" is read inside the Process Statement but isn't in the Process Statement's sensivitity list
Warning: VHDL Process Statement warning at eALU.vhd(73): signal "sBranch" is read inside the Process Statement but isn't in the Process Statement's sensivitity list
Info: Implemented 436 device resources after synthesis - the final resource count might be different
    Info: Implemented 114 input pins
    Info: Implemented 74 output pins
    Info: Implemented 248 logic cells
Info: Quartus II Analysis & Synthesis was successful. 0 errors, 8 warnings
    Info: Processing ended: Thu May 18 23:19:17 2006
    Info: Elapsed time: 00:00:10


