Analysis & Synthesis report for eImem
Thu Nov 27 10:25:15 2014
Quartus II Version 9.1 Build 350 03/24/2010 Service Pack 2 SJ Web Edition


---------------------
; Table of Contents ;
---------------------
  1. Legal Notice
  2. Analysis & Synthesis Summary
  3. Analysis & Synthesis Settings
  4. Parallel Compilation
  5. Analysis & Synthesis Source Files Read
  6. Analysis & Synthesis Resource Usage Summary
  7. Analysis & Synthesis Resource Utilization by Entity
  8. Analysis & Synthesis RAM Summary
  9. General Register Statistics
 10. Source assignments for LPM_ROM:data_memory|altrom:srom|altsyncram:rom_block|altsyncram_unv:auto_generated
 11. Parameter Settings for User Entity Instance: LPM_ROM:data_memory
 12. Analysis & Synthesis Messages



----------------
; Legal Notice ;
----------------
Copyright (C) 1991-2010 Altera Corporation
Your use of Altera Corporation's design tools, logic functions 
and other software and tools, and its AMPP partner logic 
functions, and any output files from any of the foregoing 
(including device programming or simulation files), and any 
associated documentation or information are expressly subject 
to the terms and conditions of the Altera Program License 
Subscription Agreement, Altera MegaCore Function License 
Agreement, or other applicable license agreement, including, 
without limitation, that your use is for the sole purpose of 
programming logic devices manufactured by Altera and sold by 
Altera or its authorized distributors.  Please refer to the 
applicable agreement for further details.



+----------------------------------------------------------------------------+
; Analysis & Synthesis Summary                                               ;
+-----------------------------+----------------------------------------------+
; Analysis & Synthesis Status ; Successful - Thu Nov 27 10:25:15 2014        ;
; Quartus II Version          ; 9.1 Build 350 03/24/2010 SP 2 SJ Web Edition ;
; Revision Name               ; eImem                                        ;
; Top-level Entity Name       ; eImem                                        ;
; Family                      ; Stratix                                      ;
; Total logic elements        ; 0                                            ;
; Total pins                  ; 65                                           ;
; Total virtual pins          ; 0                                            ;
; Total memory bits           ; 8,192                                        ;
; DSP block 9-bit elements    ; 0                                            ;
; Total PLLs                  ; 0                                            ;
; Total DLLs                  ; 0                                            ;
+-----------------------------+----------------------------------------------+


+----------------------------------------------------------------------------------------------------------------------+
; Analysis & Synthesis Settings                                                                                        ;
+----------------------------------------------------------------------------+--------------------+--------------------+
; Option                                                                     ; Setting            ; Default Value      ;
+----------------------------------------------------------------------------+--------------------+--------------------+
; Top-level entity name                                                      ; eImem              ; eImem              ;
; Family name                                                                ; Stratix            ; Stratix            ;
; Use smart compilation                                                      ; Off                ; Off                ;
; Enable parallel Assembler and TimeQuest Timing Analyzer during compilation ; On                 ; On                 ;
; Enable compact report table                                                ; Off                ; Off                ;
; Restructure Multiplexers                                                   ; Auto               ; Auto               ;
; Create Debugging Nodes for IP Cores                                        ; Off                ; Off                ;
; Preserve fewer node names                                                  ; On                 ; On                 ;
; Disable OpenCore Plus hardware evaluation                                  ; Off                ; Off                ;
; Verilog Version                                                            ; Verilog_2001       ; Verilog_2001       ;
; VHDL Version                                                               ; VHDL_1993          ; VHDL_1993          ;
; State Machine Processing                                                   ; Auto               ; Auto               ;
; Safe State Machine                                                         ; Off                ; Off                ;
; Extract Verilog State Machines                                             ; On                 ; On                 ;
; Extract VHDL State Machines                                                ; On                 ; On                 ;
; Ignore Verilog initial constructs                                          ; Off                ; Off                ;
; Iteration limit for constant Verilog loops                                 ; 5000               ; 5000               ;
; Iteration limit for non-constant Verilog loops                             ; 250                ; 250                ;
; Add Pass-Through Logic to Inferred RAMs                                    ; On                 ; On                 ;
; Parallel Synthesis                                                         ; Off                ; Off                ;
; DSP Block Balancing                                                        ; Auto               ; Auto               ;
; NOT Gate Push-Back                                                         ; On                 ; On                 ;
; Power-Up Don't Care                                                        ; On                 ; On                 ;
; Remove Redundant Logic Cells                                               ; Off                ; Off                ;
; Remove Duplicate Registers                                                 ; On                 ; On                 ;
; Ignore CARRY Buffers                                                       ; Off                ; Off                ;
; Ignore CASCADE Buffers                                                     ; Off                ; Off                ;
; Ignore GLOBAL Buffers                                                      ; Off                ; Off                ;
; Ignore ROW GLOBAL Buffers                                                  ; Off                ; Off                ;
; Ignore LCELL Buffers                                                       ; Off                ; Off                ;
; Ignore SOFT Buffers                                                        ; On                 ; On                 ;
; Limit AHDL Integers to 32 Bits                                             ; Off                ; Off                ;
; Optimization Technique                                                     ; Balanced           ; Balanced           ;
; Carry Chain Length                                                         ; 70                 ; 70                 ;
; Auto Carry Chains                                                          ; On                 ; On                 ;
; Auto Open-Drain Pins                                                       ; On                 ; On                 ;
; Perform WYSIWYG Primitive Resynthesis                                      ; Off                ; Off                ;
; Auto ROM Replacement                                                       ; On                 ; On                 ;
; Auto RAM Replacement                                                       ; On                 ; On                 ;
; Auto DSP Block Replacement                                                 ; On                 ; On                 ;
; Auto Shift Register Replacement                                            ; Auto               ; Auto               ;
; Auto Clock Enable Replacement                                              ; On                 ; On                 ;
; Strict RAM Replacement                                                     ; Off                ; Off                ;
; Allow Synchronous Control Signals                                          ; On                 ; On                 ;
; Force Use of Synchronous Clear Signals                                     ; Off                ; Off                ;
; Auto RAM Block Balancing                                                   ; On                 ; On                 ;
; Auto RAM to Logic Cell Conversion                                          ; Off                ; Off                ;
; Auto Resource Sharing                                                      ; Off                ; Off                ;
; Allow Any RAM Size For Recognition                                         ; Off                ; Off                ;
; Allow Any ROM Size For Recognition                                         ; Off                ; Off                ;
; Allow Any Shift Register Size For Recognition                              ; Off                ; Off                ;
; Use LogicLock Constraints during Resource Balancing                        ; On                 ; On                 ;
; Ignore translate_off and synthesis_off directives                          ; Off                ; Off                ;
; Show Parameter Settings Tables in Synthesis Report                         ; On                 ; On                 ;
; Ignore Maximum Fan-Out Assignments                                         ; Off                ; Off                ;
; Synchronization Register Chain Length                                      ; 2                  ; 2                  ;
; PowerPlay Power Optimization                                               ; Normal compilation ; Normal compilation ;
; HDL message level                                                          ; Level2             ; Level2             ;
; Suppress Register Optimization Related Messages                            ; Off                ; Off                ;
; Number of Removed Registers Reported in Synthesis Report                   ; 5000               ; 5000               ;
; Number of Inverted Registers Reported in Synthesis Report                  ; 100                ; 100                ;
; Clock MUX Protection                                                       ; On                 ; On                 ;
; Block Design Naming                                                        ; Auto               ; Auto               ;
; Synthesis Effort                                                           ; Auto               ; Auto               ;
; Shift Register Replacement - Allow Asynchronous Clear Signal               ; On                 ; On                 ;
; Analysis & Synthesis Message Level                                         ; Medium             ; Medium             ;
; Disable Register Merging Across Hierarchies                                ; Auto               ; Auto               ;
; Resource Aware Inference For Block RAM                                     ; On                 ; On                 ;
+----------------------------------------------------------------------------+--------------------+--------------------+


Parallel compilation was disabled, but you have multiple processors available. Enable parallel compilation to reduce compilation time.
+-------------------------------------+
; Parallel Compilation                ;
+----------------------------+--------+
; Processors                 ; Number ;
+----------------------------+--------+
; Number detected on machine ; 4      ;
; Maximum allowed            ; 1      ;
+----------------------------+--------+


+---------------------------------------------------------------------------------------------------------------------------------------------------------------------------------+
; Analysis & Synthesis Source Files Read                                                                                                                                          ;
+----------------------------------+-----------------+----------------------------------+-----------------------------------------------------------------------------------------+
; File Name with User-Entered Path ; Used in Netlist ; File Type                        ; File Name with Absolute Path                                                            ;
+----------------------------------+-----------------+----------------------------------+-----------------------------------------------------------------------------------------+
; imem.mif                         ; yes             ; User Memory Initialization File  ; C:/Users/내문서/Desktop/전공 자료/컴퓨터구조2/MIPS 실습/imem/Imem/imem.mif              ;
; eImem.vhd                        ; yes             ; User VHDL File                   ; C:/Users/내문서/Desktop/전공 자료/컴퓨터구조2/MIPS 실습/imem/Imem/eImem.vhd             ;
; lpm_rom.tdf                      ; yes             ; Megafunction                     ; c:/altera/91sp2/quartus/libraries/megafunctions/lpm_rom.tdf                             ;
; altrom.tdf                       ; yes             ; Megafunction                     ; c:/altera/91sp2/quartus/libraries/megafunctions/altrom.tdf                              ;
; altsyncram.tdf                   ; yes             ; Megafunction                     ; c:/altera/91sp2/quartus/libraries/megafunctions/altsyncram.tdf                          ;
; db/altsyncram_unv.tdf            ; yes             ; Auto-Generated Megafunction      ; C:/Users/내문서/Desktop/전공 자료/컴퓨터구조2/MIPS 실습/imem/Imem/db/altsyncram_unv.tdf ;
+----------------------------------+-----------------+----------------------------------+-----------------------------------------------------------------------------------------+


+------------------------------------------------------+
; Analysis & Synthesis Resource Usage Summary          ;
+---------------------------------------------+--------+
; Resource                                    ; Usage  ;
+---------------------------------------------+--------+
; Total logic elements                        ; 0      ;
;     -- Combinational with no register       ; 0      ;
;     -- Register only                        ; 0      ;
;     -- Combinational with a register        ; 0      ;
;                                             ;        ;
; Logic element usage by number of LUT inputs ;        ;
;     -- 4 input functions                    ; 0      ;
;     -- 3 input functions                    ; 0      ;
;     -- 2 input functions                    ; 0      ;
;     -- 1 input functions                    ; 0      ;
;     -- 0 input functions                    ; 0      ;
;                                             ;        ;
; Logic elements by mode                      ;        ;
;     -- normal mode                          ; 0      ;
;     -- arithmetic mode                      ; 0      ;
;     -- qfbk mode                            ; 0      ;
;     -- register cascade mode                ; 0      ;
;     -- synchronous clear/load mode          ; 0      ;
;     -- asynchronous clear/load mode         ; 0      ;
;                                             ;        ;
; Total registers                             ; 0      ;
; I/O pins                                    ; 65     ;
; Total memory bits                           ; 8192   ;
; Maximum fan-out node                        ; pClock ;
; Maximum fan-out                             ; 32     ;
; Total fan-out                               ; 320    ;
; Average fan-out                             ; 3.30   ;
+---------------------------------------------+--------+


+---------------------------------------------------------------------------------------------------------------------------------------------------------------------------------------------------------------------------------------------------------------------------------------------------------------------------------------------------------------+
; Analysis & Synthesis Resource Utilization by Entity                                                                                                                                                                                                                                                                                                           ;
+---------------------------------------------+-------------+--------------+-------------+--------------+---------+-----------+-----------+------+--------------+--------------+-------------------+------------------+-----------------+------------+-------------------------------------------------------------------------------------------+--------------+
; Compilation Hierarchy Node                  ; Logic Cells ; LC Registers ; Memory Bits ; DSP Elements ; DSP 9x9 ; DSP 18x18 ; DSP 36x36 ; Pins ; Virtual Pins ; LUT-Only LCs ; Register-Only LCs ; LUT/Register LCs ; Carry Chain LCs ; Packed LCs ; Full Hierarchy Name                                                                       ; Library Name ;
+---------------------------------------------+-------------+--------------+-------------+--------------+---------+-----------+-----------+------+--------------+--------------+-------------------+------------------+-----------------+------------+-------------------------------------------------------------------------------------------+--------------+
; |eImem                                      ; 0 (0)       ; 0            ; 8192        ; 0            ; 0       ; 0         ; 0         ; 65   ; 0            ; 0 (0)        ; 0 (0)             ; 0 (0)            ; 0 (0)           ; 0 (0)      ; |eImem                                                                                    ; work         ;
;    |lpm_rom:data_memory|                    ; 0 (0)       ; 0            ; 8192        ; 0            ; 0       ; 0         ; 0         ; 0    ; 0            ; 0 (0)        ; 0 (0)             ; 0 (0)            ; 0 (0)           ; 0 (0)      ; |eImem|lpm_rom:data_memory                                                                ; work         ;
;       |altrom:srom|                         ; 0 (0)       ; 0            ; 8192        ; 0            ; 0       ; 0         ; 0         ; 0    ; 0            ; 0 (0)        ; 0 (0)             ; 0 (0)            ; 0 (0)           ; 0 (0)      ; |eImem|lpm_rom:data_memory|altrom:srom                                                    ; work         ;
;          |altsyncram:rom_block|             ; 0 (0)       ; 0            ; 8192        ; 0            ; 0       ; 0         ; 0         ; 0    ; 0            ; 0 (0)        ; 0 (0)             ; 0 (0)            ; 0 (0)           ; 0 (0)      ; |eImem|lpm_rom:data_memory|altrom:srom|altsyncram:rom_block                               ; work         ;
;             |altsyncram_unv:auto_generated| ; 0 (0)       ; 0            ; 8192        ; 0            ; 0       ; 0         ; 0         ; 0    ; 0            ; 0 (0)        ; 0 (0)             ; 0 (0)            ; 0 (0)           ; 0 (0)      ; |eImem|lpm_rom:data_memory|altrom:srom|altsyncram:rom_block|altsyncram_unv:auto_generated ; work         ;
+---------------------------------------------+-------------+--------------+-------------+--------------+---------+-----------+-----------+------+--------------+--------------+-------------------+------------------+-----------------+------------+-------------------------------------------------------------------------------------------+--------------+
Note: For table entries with two numbers listed, the numbers in parentheses indicate the number of resources of the given type used by the specific entity alone. The numbers listed outside of parentheses indicate the total resources of the given type used by the specific entity and all of its sub-entities in the hierarchy.


+-------------------------------------------------------------------------------------------------------------------------------------------------------------------------------------------+
; Analysis & Synthesis RAM Summary                                                                                                                                                          ;
+-----------------------------------------------------------------------------------------------+------+------+--------------+--------------+--------------+--------------+------+----------+
; Name                                                                                          ; Type ; Mode ; Port A Depth ; Port A Width ; Port B Depth ; Port B Width ; Size ; MIF      ;
+-----------------------------------------------------------------------------------------------+------+------+--------------+--------------+--------------+--------------+------+----------+
; lpm_rom:data_memory|altrom:srom|altsyncram:rom_block|altsyncram_unv:auto_generated|ALTSYNCRAM ; AUTO ; ROM  ; 256          ; 32           ; --           ; --           ; 8192 ; imem.mif ;
+-----------------------------------------------------------------------------------------------+------+------+--------------+--------------+--------------+--------------+------+----------+


+------------------------------------------------------+
; General Register Statistics                          ;
+----------------------------------------------+-------+
; Statistic                                    ; Value ;
+----------------------------------------------+-------+
; Total registers                              ; 0     ;
; Number of registers using Synchronous Clear  ; 0     ;
; Number of registers using Synchronous Load   ; 0     ;
; Number of registers using Asynchronous Clear ; 0     ;
; Number of registers using Asynchronous Load  ; 0     ;
; Number of registers using Clock Enable       ; 0     ;
; Number of registers using Preset             ; 0     ;
+----------------------------------------------+-------+


+-----------------------------------------------------------------------------------------------------------+
; Source assignments for LPM_ROM:data_memory|altrom:srom|altsyncram:rom_block|altsyncram_unv:auto_generated ;
+---------------------------------+--------------------+------+---------------------------------------------+
; Assignment                      ; Value              ; From ; To                                          ;
+---------------------------------+--------------------+------+---------------------------------------------+
; OPTIMIZE_POWER_DURING_SYNTHESIS ; NORMAL_COMPILATION ; -    ; -                                           ;
+---------------------------------+--------------------+------+---------------------------------------------+


+------------------------------------------------------------------+
; Parameter Settings for User Entity Instance: LPM_ROM:data_memory ;
+------------------------+--------------+--------------------------+
; Parameter Name         ; Value        ; Type                     ;
+------------------------+--------------+--------------------------+
; LPM_WIDTH              ; 32           ; Signed Integer           ;
; LPM_WIDTHAD            ; 8            ; Signed Integer           ;
; LPM_NUMWORDS           ; 0            ; Signed Integer           ;
; LPM_ADDRESS_CONTROL    ; REGISTERED   ; Untyped                  ;
; LPM_OUTDATA            ; UNREGISTERED ; Untyped                  ;
; LPM_FILE               ; imem.mif     ; Untyped                  ;
; DEVICE_FAMILY          ; Stratix      ; Untyped                  ;
; AUTO_CARRY_CHAINS      ; ON           ; AUTO_CARRY               ;
; IGNORE_CARRY_BUFFERS   ; OFF          ; IGNORE_CARRY             ;
; AUTO_CASCADE_CHAINS    ; ON           ; AUTO_CASCADE             ;
; IGNORE_CASCADE_BUFFERS ; OFF          ; IGNORE_CASCADE           ;
+------------------------+--------------+--------------------------+
Note: In order to hide this table in the UI and the text report file, please set the "Show Parameter Settings Tables in Synthesis Report" option in "Analysis and Synthesis Settings -> More Settings" to "Off".


+-------------------------------+
; Analysis & Synthesis Messages ;
+-------------------------------+
Info: *******************************************************************
Info: Running Quartus II Analysis & Synthesis
    Info: Version 9.1 Build 350 03/24/2010 Service Pack 2 SJ Web Edition
    Info: Processing started: Thu Nov 27 10:25:10 2014
Info: Command: quartus_map --read_settings_files=on --write_settings_files=off Imem -c eImem
Info: Found 2 design units, including 1 entities, in source file eimem.vhd
    Info: Found design unit 1: eImem-behavior
    Info: Found entity 1: eImem
Info: Elaborating entity "eImem" for the top level hierarchy
Info: Elaborating entity "LPM_ROM" for hierarchy "LPM_ROM:data_memory"
Info: Elaborated megafunction instantiation "LPM_ROM:data_memory"
Info: Instantiated megafunction "LPM_ROM:data_memory" with the following parameter:
    Info: Parameter "LPM_WIDTH" = "32"
    Info: Parameter "LPM_WIDTHAD" = "8"
    Info: Parameter "LPM_NUMWORDS" = "0"
    Info: Parameter "LPM_ADDRESS_CONTROL" = "REGISTERED"
    Info: Parameter "LPM_OUTDATA" = "UNREGISTERED"
    Info: Parameter "LPM_FILE" = "imem.mif"
    Info: Parameter "LPM_TYPE" = "LPM_ROM"
    Info: Parameter "INTENDED_DEVICE_FAMILY" = "UNUSED"
    Info: Parameter "LPM_HINT" = "UNUSED"
Info: Elaborating entity "altrom" for hierarchy "LPM_ROM:data_memory|altrom:srom"
Info: Elaborated megafunction instantiation "LPM_ROM:data_memory|altrom:srom", which is child of megafunction instantiation "LPM_ROM:data_memory"
Info: Elaborating entity "altsyncram" for hierarchy "LPM_ROM:data_memory|altrom:srom|altsyncram:rom_block"
Info: Elaborated megafunction instantiation "LPM_ROM:data_memory|altrom:srom|altsyncram:rom_block", which is child of megafunction instantiation "LPM_ROM:data_memory"
Info: Found 1 design units, including 1 entities, in source file db/altsyncram_unv.tdf
    Info: Found entity 1: altsyncram_unv
Info: Elaborating entity "altsyncram_unv" for hierarchy "LPM_ROM:data_memory|altrom:srom|altsyncram:rom_block|altsyncram_unv:auto_generated"
Warning: Always-enabled tri-state buffer(s) removed
    Warning: Converted the fanout from the always-enabled tri-state buffer "lpm_rom:data_memory|otri[0]" to the node "pDataout[0]" into a wire
    Warning: Converted the fanout from the always-enabled tri-state buffer "lpm_rom:data_memory|otri[1]" to the node "pDataout[1]" into a wire
    Warning: Converted the fanout from the always-enabled tri-state buffer "lpm_rom:data_memory|otri[2]" to the node "pDataout[2]" into a wire
    Warning: Converted the fanout from the always-enabled tri-state buffer "lpm_rom:data_memory|otri[3]" to the node "pDataout[3]" into a wire
    Warning: Converted the fanout from the always-enabled tri-state buffer "lpm_rom:data_memory|otri[4]" to the node "pDataout[4]" into a wire
    Warning: Converted the fanout from the always-enabled tri-state buffer "lpm_rom:data_memory|otri[5]" to the node "pDataout[5]" into a wire
    Warning: Converted the fanout from the always-enabled tri-state buffer "lpm_rom:data_memory|otri[6]" to the node "pDataout[6]" into a wire
    Warning: Converted the fanout from the always-enabled tri-state buffer "lpm_rom:data_memory|otri[7]" to the node "pDataout[7]" into a wire
    Warning: Converted the fanout from the always-enabled tri-state buffer "lpm_rom:data_memory|otri[8]" to the node "pDataout[8]" into a wire
    Warning: Converted the fanout from the always-enabled tri-state buffer "lpm_rom:data_memory|otri[9]" to the node "pDataout[9]" into a wire
    Warning: Converted the fanout from the always-enabled tri-state buffer "lpm_rom:data_memory|otri[10]" to the node "pDataout[10]" into a wire
    Warning: Converted the fanout from the always-enabled tri-state buffer "lpm_rom:data_memory|otri[11]" to the node "pDataout[11]" into a wire
    Warning: Converted the fanout from the always-enabled tri-state buffer "lpm_rom:data_memory|otri[12]" to the node "pDataout[12]" into a wire
    Warning: Converted the fanout from the always-enabled tri-state buffer "lpm_rom:data_memory|otri[13]" to the node "pDataout[13]" into a wire
    Warning: Converted the fanout from the always-enabled tri-state buffer "lpm_rom:data_memory|otri[14]" to the node "pDataout[14]" into a wire
    Warning: Converted the fanout from the always-enabled tri-state buffer "lpm_rom:data_memory|otri[15]" to the node "pDataout[15]" into a wire
    Warning: Converted the fanout from the always-enabled tri-state buffer "lpm_rom:data_memory|otri[16]" to the node "pDataout[16]" into a wire
    Warning: Converted the fanout from the always-enabled tri-state buffer "lpm_rom:data_memory|otri[17]" to the node "pDataout[17]" into a wire
    Warning: Converted the fanout from the always-enabled tri-state buffer "lpm_rom:data_memory|otri[18]" to the node "pDataout[18]" into a wire
    Warning: Converted the fanout from the always-enabled tri-state buffer "lpm_rom:data_memory|otri[19]" to the node "pDataout[19]" into a wire
    Warning: Converted the fanout from the always-enabled tri-state buffer "lpm_rom:data_memory|otri[20]" to the node "pDataout[20]" into a wire
    Warning: Converted the fanout from the always-enabled tri-state buffer "lpm_rom:data_memory|otri[21]" to the node "pDataout[21]" into a wire
    Warning: Converted the fanout from the always-enabled tri-state buffer "lpm_rom:data_memory|otri[22]" to the node "pDataout[22]" into a wire
    Warning: Converted the fanout from the always-enabled tri-state buffer "lpm_rom:data_memory|otri[23]" to the node "pDataout[23]" into a wire
    Warning: Converted the fanout from the always-enabled tri-state buffer "lpm_rom:data_memory|otri[24]" to the node "pDataout[24]" into a wire
    Warning: Converted the fanout from the always-enabled tri-state buffer "lpm_rom:data_memory|otri[25]" to the node "pDataout[25]" into a wire
    Warning: Converted the fanout from the always-enabled tri-state buffer "lpm_rom:data_memory|otri[26]" to the node "pDataout[26]" into a wire
    Warning: Converted the fanout from the always-enabled tri-state buffer "lpm_rom:data_memory|otri[27]" to the node "pDataout[27]" into a wire
    Warning: Converted the fanout from the always-enabled tri-state buffer "lpm_rom:data_memory|otri[28]" to the node "pDataout[28]" into a wire
    Warning: Converted the fanout from the always-enabled tri-state buffer "lpm_rom:data_memory|otri[29]" to the node "pDataout[29]" into a wire
    Warning: Converted the fanout from the always-enabled tri-state buffer "lpm_rom:data_memory|otri[30]" to the node "pDataout[30]" into a wire
    Warning: Converted the fanout from the always-enabled tri-state buffer "lpm_rom:data_memory|otri[31]" to the node "pDataout[31]" into a wire
Warning: Design contains 24 input pin(s) that do not drive logic
    Warning (15610): No output dependent on input pin "pReadaddr[0]"
    Warning (15610): No output dependent on input pin "pReadaddr[1]"
    Warning (15610): No output dependent on input pin "pReadaddr[10]"
    Warning (15610): No output dependent on input pin "pReadaddr[11]"
    Warning (15610): No output dependent on input pin "pReadaddr[12]"
    Warning (15610): No output dependent on input pin "pReadaddr[13]"
    Warning (15610): No output dependent on input pin "pReadaddr[14]"
    Warning (15610): No output dependent on input pin "pReadaddr[15]"
    Warning (15610): No output dependent on input pin "pReadaddr[16]"
    Warning (15610): No output dependent on input pin "pReadaddr[17]"
    Warning (15610): No output dependent on input pin "pReadaddr[18]"
    Warning (15610): No output dependent on input pin "pReadaddr[19]"
    Warning (15610): No output dependent on input pin "pReadaddr[20]"
    Warning (15610): No output dependent on input pin "pReadaddr[21]"
    Warning (15610): No output dependent on input pin "pReadaddr[22]"
    Warning (15610): No output dependent on input pin "pReadaddr[23]"
    Warning (15610): No output dependent on input pin "pReadaddr[24]"
    Warning (15610): No output dependent on input pin "pReadaddr[25]"
    Warning (15610): No output dependent on input pin "pReadaddr[26]"
    Warning (15610): No output dependent on input pin "pReadaddr[27]"
    Warning (15610): No output dependent on input pin "pReadaddr[28]"
    Warning (15610): No output dependent on input pin "pReadaddr[29]"
    Warning (15610): No output dependent on input pin "pReadaddr[30]"
    Warning (15610): No output dependent on input pin "pReadaddr[31]"
Info: Implemented 97 device resources after synthesis - the final resource count might be different
    Info: Implemented 33 input pins
    Info: Implemented 32 output pins
    Info: Implemented 32 RAM segments
Info: Quartus II Analysis & Synthesis was successful. 0 errors, 58 warnings
    Info: Peak virtual memory: 249 megabytes
    Info: Processing ended: Thu Nov 27 10:25:15 2014
    Info: Elapsed time: 00:00:05
    Info: Total CPU time (on all processors): 00:00:05


