Analysis & Synthesis report for IF
Thu Dec 04 13:42:46 2014
Quartus II Version 9.1 Build 350 03/24/2010 Service Pack 2 SJ Web Edition


---------------------
; Table of Contents ;
---------------------
  1. Legal Notice
  2. Analysis & Synthesis Summary
  3. Analysis & Synthesis Settings
  4. Parallel Compilation
  5. Analysis & Synthesis Source Files Read
  6. Analysis & Synthesis Resource Usage Summary
  7. Analysis & Synthesis Resource Utilization by Entity
  8. Analysis & Synthesis RAM Summary
  9. General Register Statistics
 10. Multiplexer Restructuring Statistics (Restructuring Performed)
 11. Source assignments for eImem:cimem|LPM_ROM:data_memory|altrom:srom|altsyncram:rom_block|altsyncram_unv:auto_generated
 12. Parameter Settings for User Entity Instance: eImem:cimem|LPM_ROM:data_memory
 13. Analysis & Synthesis Messages



----------------
; Legal Notice ;
----------------
Copyright (C) 1991-2010 Altera Corporation
Your use of Altera Corporation's design tools, logic functions 
and other software and tools, and its AMPP partner logic 
functions, and any output files from any of the foregoing 
(including device programming or simulation files), and any 
associated documentation or information are expressly subject 
to the terms and conditions of the Altera Program License 
Subscription Agreement, Altera MegaCore Function License 
Agreement, or other applicable license agreement, including, 
without limitation, that your use is for the sole purpose of 
programming logic devices manufactured by Altera and sold by 
Altera or its authorized distributors.  Please refer to the 
applicable agreement for further details.



+----------------------------------------------------------------------------+
; Analysis & Synthesis Summary                                               ;
+-----------------------------+----------------------------------------------+
; Analysis & Synthesis Status ; Successful - Thu Dec 04 13:42:46 2014        ;
; Quartus II Version          ; 9.1 Build 350 03/24/2010 SP 2 SJ Web Edition ;
; Revision Name               ; IF                                           ;
; Top-level Entity Name       ; eIF                                          ;
; Family                      ; Stratix                                      ;
; Total logic elements        ; 96                                           ;
; Total pins                  ; 126                                          ;
; Total virtual pins          ; 0                                            ;
; Total memory bits           ; 8,192                                        ;
; DSP block 9-bit elements    ; 0                                            ;
; Total PLLs                  ; 0                                            ;
; Total DLLs                  ; 0                                            ;
+-----------------------------+----------------------------------------------+


+----------------------------------------------------------------------------------------------------------------------+
; Analysis & Synthesis Settings                                                                                        ;
+----------------------------------------------------------------------------+--------------------+--------------------+
; Option                                                                     ; Setting            ; Default Value      ;
+----------------------------------------------------------------------------+--------------------+--------------------+
; Top-level entity name                                                      ; eIF                ; IF                 ;
; Family name                                                                ; Stratix            ; Stratix            ;
; Use smart compilation                                                      ; Off                ; Off                ;
; Enable parallel Assembler and TimeQuest Timing Analyzer during compilation ; On                 ; On                 ;
; Enable compact report table                                                ; Off                ; Off                ;
; Restructure Multiplexers                                                   ; Auto               ; Auto               ;
; Create Debugging Nodes for IP Cores                                        ; Off                ; Off                ;
; Preserve fewer node names                                                  ; On                 ; On                 ;
; Disable OpenCore Plus hardware evaluation                                  ; Off                ; Off                ;
; Verilog Version                                                            ; Verilog_2001       ; Verilog_2001       ;
; VHDL Version                                                               ; VHDL_1993          ; VHDL_1993          ;
; State Machine Processing                                                   ; Auto               ; Auto               ;
; Safe State Machine                                                         ; Off                ; Off                ;
; Extract Verilog State Machines                                             ; On                 ; On                 ;
; Extract VHDL State Machines                                                ; On                 ; On                 ;
; Ignore Verilog initial constructs                                          ; Off                ; Off                ;
; Iteration limit for constant Verilog loops                                 ; 5000               ; 5000               ;
; Iteration limit for non-constant Verilog loops                             ; 250                ; 250                ;
; Add Pass-Through Logic to Inferred RAMs                                    ; On                 ; On                 ;
; Parallel Synthesis                                                         ; Off                ; Off                ;
; DSP Block Balancing                                                        ; Auto               ; Auto               ;
; NOT Gate Push-Back                                                         ; On                 ; On                 ;
; Power-Up Don't Care                                                        ; On                 ; On                 ;
; Remove Redundant Logic Cells                                               ; Off                ; Off                ;
; Remove Duplicate Registers                                                 ; On                 ; On                 ;
; Ignore CARRY Buffers                                                       ; Off                ; Off                ;
; Ignore CASCADE Buffers                                                     ; Off                ; Off                ;
; Ignore GLOBAL Buffers                                                      ; Off                ; Off                ;
; Ignore ROW GLOBAL Buffers                                                  ; Off                ; Off                ;
; Ignore LCELL Buffers                                                       ; Off                ; Off                ;
; Ignore SOFT Buffers                                                        ; On                 ; On                 ;
; Limit AHDL Integers to 32 Bits                                             ; Off                ; Off                ;
; Optimization Technique                                                     ; Balanced           ; Balanced           ;
; Carry Chain Length                                                         ; 70                 ; 70                 ;
; Auto Carry Chains                                                          ; On                 ; On                 ;
; Auto Open-Drain Pins                                                       ; On                 ; On                 ;
; Perform WYSIWYG Primitive Resynthesis                                      ; Off                ; Off                ;
; Auto ROM Replacement                                                       ; On                 ; On                 ;
; Auto RAM Replacement                                                       ; On                 ; On                 ;
; Auto DSP Block Replacement                                                 ; On                 ; On                 ;
; Auto Shift Register Replacement                                            ; Auto               ; Auto               ;
; Auto Clock Enable Replacement                                              ; On                 ; On                 ;
; Strict RAM Replacement                                                     ; Off                ; Off                ;
; Allow Synchronous Control Signals                                          ; On                 ; On                 ;
; Force Use of Synchronous Clear Signals                                     ; Off                ; Off                ;
; Auto RAM Block Balancing                                                   ; On                 ; On                 ;
; Auto RAM to Logic Cell Conversion                                          ; Off                ; Off                ;
; Auto Resource Sharing                                                      ; Off                ; Off                ;
; Allow Any RAM Size For Recognition                                         ; Off                ; Off                ;
; Allow Any ROM Size For Recognition                                         ; Off                ; Off                ;
; Allow Any Shift Register Size For Recognition                              ; Off                ; Off                ;
; Use LogicLock Constraints during Resource Balancing                        ; On                 ; On                 ;
; Ignore translate_off and synthesis_off directives                          ; Off                ; Off                ;
; Show Parameter Settings Tables in Synthesis Report                         ; On                 ; On                 ;
; Ignore Maximum Fan-Out Assignments                                         ; Off                ; Off                ;
; Synchronization Register Chain Length                                      ; 2                  ; 2                  ;
; PowerPlay Power Optimization                                               ; Normal compilation ; Normal compilation ;
; HDL message level                                                          ; Level2             ; Level2             ;
; Suppress Register Optimization Related Messages                            ; Off                ; Off                ;
; Number of Removed Registers Reported in Synthesis Report                   ; 5000               ; 5000               ;
; Number of Inverted Registers Reported in Synthesis Report                  ; 100                ; 100                ;
; Clock MUX Protection                                                       ; On                 ; On                 ;
; Block Design Naming                                                        ; Auto               ; Auto               ;
; Synthesis Effort                                                           ; Auto               ; Auto               ;
; Shift Register Replacement - Allow Asynchronous Clear Signal               ; On                 ; On                 ;
; Analysis & Synthesis Message Level                                         ; Medium             ; Medium             ;
; Disable Register Merging Across Hierarchies                                ; Auto               ; Auto               ;
; Resource Aware Inference For Block RAM                                     ; On                 ; On                 ;
+----------------------------------------------------------------------------+--------------------+--------------------+


Parallel compilation was disabled, but you have multiple processors available. Enable parallel compilation to reduce compilation time.
+-------------------------------------+
; Parallel Compilation                ;
+----------------------------+--------+
; Processors                 ; Number ;
+----------------------------+--------+
; Number detected on machine ; 4      ;
; Maximum allowed            ; 1      ;
+----------------------------+--------+


+-----------------------------------------------------------------------------------------------------------------------------------------------------------------------------+
; Analysis & Synthesis Source Files Read                                                                                                                                      ;
+----------------------------------+-----------------+----------------------------------+-------------------------------------------------------------------------------------+
; File Name with User-Entered Path ; Used in Netlist ; File Type                        ; File Name with Absolute Path                                                        ;
+----------------------------------+-----------------+----------------------------------+-------------------------------------------------------------------------------------+
; eJMUX.vhd                        ; yes             ; User VHDL File                   ; C:/Users/내문서/Desktop/전공 자료/컴퓨터구조2/MIPS 실습/if/IF/eJMUX.vhd             ;
; eAdd4.vhd                        ; yes             ; User VHDL File                   ; C:/Users/내문서/Desktop/전공 자료/컴퓨터구조2/MIPS 실습/if/IF/eAdd4.vhd             ;
; eIF.vhd                          ; yes             ; User VHDL File                   ; C:/Users/내문서/Desktop/전공 자료/컴퓨터구조2/MIPS 실습/if/IF/eIF.vhd               ;
; eImem.vhd                        ; yes             ; User VHDL File                   ; C:/Users/내문서/Desktop/전공 자료/컴퓨터구조2/MIPS 실습/if/IF/eImem.vhd             ;
; eMux32.vhd                       ; yes             ; User VHDL File                   ; C:/Users/내문서/Desktop/전공 자료/컴퓨터구조2/MIPS 실습/if/IF/eMux32.vhd            ;
; ePC.vhd                          ; yes             ; User VHDL File                   ; C:/Users/내문서/Desktop/전공 자료/컴퓨터구조2/MIPS 실습/if/IF/ePC.vhd               ;
; imem.mif                         ; yes             ; User Memory Initialization File  ; C:/Users/내문서/Desktop/전공 자료/컴퓨터구조2/MIPS 실습/if/IF/imem.mif              ;
; lpm_rom.tdf                      ; yes             ; Megafunction                     ; c:/altera/91sp2/quartus/libraries/megafunctions/lpm_rom.tdf                         ;
; altrom.tdf                       ; yes             ; Megafunction                     ; c:/altera/91sp2/quartus/libraries/megafunctions/altrom.tdf                          ;
; altsyncram.tdf                   ; yes             ; Megafunction                     ; c:/altera/91sp2/quartus/libraries/megafunctions/altsyncram.tdf                      ;
; db/altsyncram_unv.tdf            ; yes             ; Auto-Generated Megafunction      ; C:/Users/내문서/Desktop/전공 자료/컴퓨터구조2/MIPS 실습/if/IF/db/altsyncram_unv.tdf ;
+----------------------------------+-----------------+----------------------------------+-------------------------------------------------------------------------------------+


+------------------------------------------------------+
; Analysis & Synthesis Resource Usage Summary          ;
+---------------------------------------------+--------+
; Resource                                    ; Usage  ;
+---------------------------------------------+--------+
; Total logic elements                        ; 96     ;
;     -- Combinational with no register       ; 64     ;
;     -- Register only                        ; 0      ;
;     -- Combinational with a register        ; 32     ;
;                                             ;        ;
; Logic element usage by number of LUT inputs ;        ;
;     -- 4 input functions                    ; 4      ;
;     -- 3 input functions                    ; 30     ;
;     -- 2 input functions                    ; 61     ;
;     -- 1 input functions                    ; 1      ;
;     -- 0 input functions                    ; 0      ;
;                                             ;        ;
; Logic elements by mode                      ;        ;
;     -- normal mode                          ; 67     ;
;     -- arithmetic mode                      ; 29     ;
;     -- qfbk mode                            ; 0      ;
;     -- register cascade mode                ; 0      ;
;     -- synchronous clear/load mode          ; 26     ;
;     -- asynchronous clear/load mode         ; 0      ;
;                                             ;        ;
; Total registers                             ; 32     ;
; Total logic cells in carry chains           ; 30     ;
; I/O pins                                    ; 126    ;
; Total memory bits                           ; 8192   ;
; Maximum fan-out node                        ; pClock ;
; Maximum fan-out                             ; 64     ;
; Total fan-out                               ; 693    ;
; Average fan-out                             ; 2.73   ;
+---------------------------------------------+--------+


+----------------------------------------------------------------------------------------------------------------------------------------------------------------------------------------------------------------------------------------------------------------------------------------------------------------------------------------------------------------------------+
; Analysis & Synthesis Resource Utilization by Entity                                                                                                                                                                                                                                                                                                                        ;
+------------------------------------------------+-------------+--------------+-------------+--------------+---------+-----------+-----------+------+--------------+--------------+-------------------+------------------+-----------------+------------+-----------------------------------------------------------------------------------------------------+--------------+
; Compilation Hierarchy Node                     ; Logic Cells ; LC Registers ; Memory Bits ; DSP Elements ; DSP 9x9 ; DSP 18x18 ; DSP 36x36 ; Pins ; Virtual Pins ; LUT-Only LCs ; Register-Only LCs ; LUT/Register LCs ; Carry Chain LCs ; Packed LCs ; Full Hierarchy Name                                                                                 ; Library Name ;
+------------------------------------------------+-------------+--------------+-------------+--------------+---------+-----------+-----------+------+--------------+--------------+-------------------+------------------+-----------------+------------+-----------------------------------------------------------------------------------------------------+--------------+
; |eIF                                           ; 96 (32)     ; 32           ; 8192        ; 0            ; 0       ; 0         ; 0         ; 126  ; 0            ; 64 (32)      ; 0 (0)             ; 32 (0)           ; 30 (0)          ; 0 (0)      ; |eIF                                                                                                ; work         ;
;    |eAdd4:cadd4|                               ; 30 (30)     ; 0            ; 0           ; 0            ; 0       ; 0         ; 0         ; 0    ; 0            ; 30 (30)      ; 0 (0)             ; 0 (0)            ; 30 (30)         ; 0 (0)      ; |eIF|eAdd4:cadd4                                                                                    ; work         ;
;    |eImem:cimem|                               ; 0 (0)       ; 0            ; 8192        ; 0            ; 0       ; 0         ; 0         ; 0    ; 0            ; 0 (0)        ; 0 (0)             ; 0 (0)            ; 0 (0)           ; 0 (0)      ; |eIF|eImem:cimem                                                                                    ; work         ;
;       |lpm_rom:data_memory|                    ; 0 (0)       ; 0            ; 8192        ; 0            ; 0       ; 0         ; 0         ; 0    ; 0            ; 0 (0)        ; 0 (0)             ; 0 (0)            ; 0 (0)           ; 0 (0)      ; |eIF|eImem:cimem|lpm_rom:data_memory                                                                ; work         ;
;          |altrom:srom|                         ; 0 (0)       ; 0            ; 8192        ; 0            ; 0       ; 0         ; 0         ; 0    ; 0            ; 0 (0)        ; 0 (0)             ; 0 (0)            ; 0 (0)           ; 0 (0)      ; |eIF|eImem:cimem|lpm_rom:data_memory|altrom:srom                                                    ; work         ;
;             |altsyncram:rom_block|             ; 0 (0)       ; 0            ; 8192        ; 0            ; 0       ; 0         ; 0         ; 0    ; 0            ; 0 (0)        ; 0 (0)             ; 0 (0)            ; 0 (0)           ; 0 (0)      ; |eIF|eImem:cimem|lpm_rom:data_memory|altrom:srom|altsyncram:rom_block                               ; work         ;
;                |altsyncram_unv:auto_generated| ; 0 (0)       ; 0            ; 8192        ; 0            ; 0       ; 0         ; 0         ; 0    ; 0            ; 0 (0)        ; 0 (0)             ; 0 (0)            ; 0 (0)           ; 0 (0)      ; |eIF|eImem:cimem|lpm_rom:data_memory|altrom:srom|altsyncram:rom_block|altsyncram_unv:auto_generated ; work         ;
;    |ePC:cPC|                                   ; 34 (34)     ; 32           ; 0           ; 0            ; 0       ; 0         ; 0         ; 0    ; 0            ; 2 (2)        ; 0 (0)             ; 32 (32)          ; 0 (0)           ; 0 (0)      ; |eIF|ePC:cPC                                                                                        ; work         ;
+------------------------------------------------+-------------+--------------+-------------+--------------+---------+-----------+-----------+------+--------------+--------------+-------------------+------------------+-----------------+------------+-----------------------------------------------------------------------------------------------------+--------------+
Note: For table entries with two numbers listed, the numbers in parentheses indicate the number of resources of the given type used by the specific entity alone. The numbers listed outside of parentheses indicate the total resources of the given type used by the specific entity and all of its sub-entities in the hierarchy.


+-------------------------------------------------------------------------------------------------------------------------------------------------------------------------------------------------------+
; Analysis & Synthesis RAM Summary                                                                                                                                                                      ;
+-----------------------------------------------------------------------------------------------------------+------+------+--------------+--------------+--------------+--------------+------+----------+
; Name                                                                                                      ; Type ; Mode ; Port A Depth ; Port A Width ; Port B Depth ; Port B Width ; Size ; MIF      ;
+-----------------------------------------------------------------------------------------------------------+------+------+--------------+--------------+--------------+--------------+------+----------+
; eImem:cimem|lpm_rom:data_memory|altrom:srom|altsyncram:rom_block|altsyncram_unv:auto_generated|ALTSYNCRAM ; AUTO ; ROM  ; 256          ; 32           ; --           ; --           ; 8192 ; imem.mif ;
+-----------------------------------------------------------------------------------------------------------+------+------+--------------+--------------+--------------+--------------+------+----------+


+------------------------------------------------------+
; General Register Statistics                          ;
+----------------------------------------------+-------+
; Statistic                                    ; Value ;
+----------------------------------------------+-------+
; Total registers                              ; 32    ;
; Number of registers using Synchronous Clear  ; 26    ;
; Number of registers using Synchronous Load   ; 26    ;
; Number of registers using Asynchronous Clear ; 0     ;
; Number of registers using Asynchronous Load  ; 0     ;
; Number of registers using Clock Enable       ; 2     ;
; Number of registers using Preset             ; 0     ;
+----------------------------------------------+-------+


+------------------------------------------------------------------------------------------------------------------------------------------+
; Multiplexer Restructuring Statistics (Restructuring Performed)                                                                           ;
+--------------------+-----------+---------------+----------------------+------------------------+------------+----------------------------+
; Multiplexer Inputs ; Bus Width ; Baseline Area ; Area if Restructured ; Saving if Restructured ; Registered ; Example Multiplexer Output ;
+--------------------+-----------+---------------+----------------------+------------------------+------------+----------------------------+
; 4:1                ; 2 bits    ; 4 LEs         ; 2 LEs                ; 2 LEs                  ; Yes        ; |eIF|ePC:cPC|pOut[0]       ;
; 4:1                ; 4 bits    ; 8 LEs         ; 8 LEs                ; 0 LEs                  ; Yes        ; |eIF|ePC:cPC|pOut[31]      ;
; 4:1                ; 26 bits   ; 52 LEs        ; 52 LEs               ; 0 LEs                  ; Yes        ; |eIF|ePC:cPC|pOut[15]      ;
+--------------------+-----------+---------------+----------------------+------------------------+------------+----------------------------+


+-----------------------------------------------------------------------------------------------------------------------+
; Source assignments for eImem:cimem|LPM_ROM:data_memory|altrom:srom|altsyncram:rom_block|altsyncram_unv:auto_generated ;
+---------------------------------+--------------------+------+---------------------------------------------------------+
; Assignment                      ; Value              ; From ; To                                                      ;
+---------------------------------+--------------------+------+---------------------------------------------------------+
; OPTIMIZE_POWER_DURING_SYNTHESIS ; NORMAL_COMPILATION ; -    ; -                                                       ;
+---------------------------------+--------------------+------+---------------------------------------------------------+


+------------------------------------------------------------------------------+
; Parameter Settings for User Entity Instance: eImem:cimem|LPM_ROM:data_memory ;
+------------------------+--------------+--------------------------------------+
; Parameter Name         ; Value        ; Type                                 ;
+------------------------+--------------+--------------------------------------+
; LPM_WIDTH              ; 32           ; Signed Integer                       ;
; LPM_WIDTHAD            ; 8            ; Signed Integer                       ;
; LPM_NUMWORDS           ; 0            ; Signed Integer                       ;
; LPM_ADDRESS_CONTROL    ; REGISTERED   ; Untyped                              ;
; LPM_OUTDATA            ; UNREGISTERED ; Untyped                              ;
; LPM_FILE               ; imem.mif     ; Untyped                              ;
; DEVICE_FAMILY          ; Stratix      ; Untyped                              ;
; AUTO_CARRY_CHAINS      ; ON           ; AUTO_CARRY                           ;
; IGNORE_CARRY_BUFFERS   ; OFF          ; IGNORE_CARRY                         ;
; AUTO_CASCADE_CHAINS    ; ON           ; AUTO_CASCADE                         ;
; IGNORE_CASCADE_BUFFERS ; OFF          ; IGNORE_CASCADE                       ;
+------------------------+--------------+--------------------------------------+
Note: In order to hide this table in the UI and the text report file, please set the "Show Parameter Settings Tables in Synthesis Report" option in "Analysis and Synthesis Settings -> More Settings" to "Off".


+-------------------------------+
; Analysis & Synthesis Messages ;
+-------------------------------+
Info: *******************************************************************
Info: Running Quartus II Analysis & Synthesis
    Info: Version 9.1 Build 350 03/24/2010 Service Pack 2 SJ Web Edition
    Info: Processing started: Thu Dec 04 13:42:40 2014
Info: Command: quartus_map --read_settings_files=on --write_settings_files=off IF -c IF
Info: Found 2 design units, including 1 entities, in source file ejmux.vhd
    Info: Found design unit 1: eJMux-logic
    Info: Found entity 1: eJMux
Info: Found 2 design units, including 1 entities, in source file eadd4.vhd
    Info: Found design unit 1: eAdd4-behavior
    Info: Found entity 1: eAdd4
Info: Found 2 design units, including 1 entities, in source file eif.vhd
    Info: Found design unit 1: eIF-behavior
    Info: Found entity 1: eIF
Info: Found 2 design units, including 1 entities, in source file eimem.vhd
    Info: Found design unit 1: eImem-behavior
    Info: Found entity 1: eImem
Info: Found 2 design units, including 1 entities, in source file emux32.vhd
    Info: Found design unit 1: eMux32-logic
    Info: Found entity 1: eMux32
Info: Found 2 design units, including 1 entities, in source file epc.vhd
    Info: Found design unit 1: ePC-behavior
    Info: Found entity 1: ePC
Info: Elaborating entity "eIF" for the top level hierarchy
Info: Elaborating entity "ePC" for hierarchy "ePC:cPC"
Info: Elaborating entity "eImem" for hierarchy "eImem:cimem"
Info: Elaborating entity "LPM_ROM" for hierarchy "eImem:cimem|LPM_ROM:data_memory"
Info: Elaborated megafunction instantiation "eImem:cimem|LPM_ROM:data_memory"
Info: Instantiated megafunction "eImem:cimem|LPM_ROM:data_memory" with the following parameter:
    Info: Parameter "LPM_WIDTH" = "32"
    Info: Parameter "LPM_WIDTHAD" = "8"
    Info: Parameter "LPM_NUMWORDS" = "0"
    Info: Parameter "LPM_ADDRESS_CONTROL" = "REGISTERED"
    Info: Parameter "LPM_OUTDATA" = "UNREGISTERED"
    Info: Parameter "LPM_FILE" = "imem.mif"
    Info: Parameter "LPM_TYPE" = "LPM_ROM"
    Info: Parameter "INTENDED_DEVICE_FAMILY" = "UNUSED"
    Info: Parameter "LPM_HINT" = "UNUSED"
Info: Elaborating entity "altrom" for hierarchy "eImem:cimem|LPM_ROM:data_memory|altrom:srom"
Info: Elaborated megafunction instantiation "eImem:cimem|LPM_ROM:data_memory|altrom:srom", which is child of megafunction instantiation "eImem:cimem|LPM_ROM:data_memory"
Info: Elaborating entity "altsyncram" for hierarchy "eImem:cimem|LPM_ROM:data_memory|altrom:srom|altsyncram:rom_block"
Info: Elaborated megafunction instantiation "eImem:cimem|LPM_ROM:data_memory|altrom:srom|altsyncram:rom_block", which is child of megafunction instantiation "eImem:cimem|LPM_ROM:data_memory"
Info: Found 1 design units, including 1 entities, in source file db/altsyncram_unv.tdf
    Info: Found entity 1: altsyncram_unv
Info: Elaborating entity "altsyncram_unv" for hierarchy "eImem:cimem|LPM_ROM:data_memory|altrom:srom|altsyncram:rom_block|altsyncram_unv:auto_generated"
Info: Elaborating entity "eAdd4" for hierarchy "eAdd4:cadd4"
Info: Elaborating entity "eMux32" for hierarchy "eMux32:cmux"
Warning (10492): VHDL Process Statement warning at eMux32.vhd(18): signal "pIn0" is read inside the Process Statement but isn't in the Process Statement's sensitivity list
Warning (10492): VHDL Process Statement warning at eMux32.vhd(20): signal "pIn1" is read inside the Process Statement but isn't in the Process Statement's sensitivity list
Info: Elaborating entity "eJMux" for hierarchy "eJMux:cjmux"
Warning (10492): VHDL Process Statement warning at eJMUX.vhd(18): signal "pNPC" is read inside the Process Statement but isn't in the Process Statement's sensitivity list
Warning (10492): VHDL Process Statement warning at eJMUX.vhd(20): signal "pJPC" is read inside the Process Statement but isn't in the Process Statement's sensitivity list
Warning: Tri-state node(s) do not directly drive top-level pin(s)
    Warning: Converted tri-state buffer "eImem:cimem|lpm_rom:data_memory|otri[31]" feeding internal logic into a wire
    Warning: Converted tri-state buffer "eImem:cimem|lpm_rom:data_memory|otri[30]" feeding internal logic into a wire
    Warning: Converted tri-state buffer "eImem:cimem|lpm_rom:data_memory|otri[29]" feeding internal logic into a wire
    Warning: Converted tri-state buffer "eImem:cimem|lpm_rom:data_memory|otri[28]" feeding internal logic into a wire
    Warning: Converted tri-state buffer "eImem:cimem|lpm_rom:data_memory|otri[27]" feeding internal logic into a wire
    Warning: Converted tri-state buffer "eImem:cimem|lpm_rom:data_memory|otri[26]" feeding internal logic into a wire
    Warning: Converted tri-state buffer "eImem:cimem|lpm_rom:data_memory|otri[25]" feeding internal logic into a wire
    Warning: Converted tri-state buffer "eImem:cimem|lpm_rom:data_memory|otri[24]" feeding internal logic into a wire
    Warning: Converted tri-state buffer "eImem:cimem|lpm_rom:data_memory|otri[23]" feeding internal logic into a wire
    Warning: Converted tri-state buffer "eImem:cimem|lpm_rom:data_memory|otri[22]" feeding internal logic into a wire
    Warning: Converted tri-state buffer "eImem:cimem|lpm_rom:data_memory|otri[21]" feeding internal logic into a wire
    Warning: Converted tri-state buffer "eImem:cimem|lpm_rom:data_memory|otri[20]" feeding internal logic into a wire
    Warning: Converted tri-state buffer "eImem:cimem|lpm_rom:data_memory|otri[19]" feeding internal logic into a wire
    Warning: Converted tri-state buffer "eImem:cimem|lpm_rom:data_memory|otri[18]" feeding internal logic into a wire
    Warning: Converted tri-state buffer "eImem:cimem|lpm_rom:data_memory|otri[17]" feeding internal logic into a wire
    Warning: Converted tri-state buffer "eImem:cimem|lpm_rom:data_memory|otri[16]" feeding internal logic into a wire
    Warning: Converted tri-state buffer "eImem:cimem|lpm_rom:data_memory|otri[15]" feeding internal logic into a wire
    Warning: Converted tri-state buffer "eImem:cimem|lpm_rom:data_memory|otri[14]" feeding internal logic into a wire
    Warning: Converted tri-state buffer "eImem:cimem|lpm_rom:data_memory|otri[13]" feeding internal logic into a wire
    Warning: Converted tri-state buffer "eImem:cimem|lpm_rom:data_memory|otri[12]" feeding internal logic into a wire
    Warning: Converted tri-state buffer "eImem:cimem|lpm_rom:data_memory|otri[11]" feeding internal logic into a wire
    Warning: Converted tri-state buffer "eImem:cimem|lpm_rom:data_memory|otri[10]" feeding internal logic into a wire
    Warning: Converted tri-state buffer "eImem:cimem|lpm_rom:data_memory|otri[9]" feeding internal logic into a wire
    Warning: Converted tri-state buffer "eImem:cimem|lpm_rom:data_memory|otri[8]" feeding internal logic into a wire
    Warning: Converted tri-state buffer "eImem:cimem|lpm_rom:data_memory|otri[7]" feeding internal logic into a wire
    Warning: Converted tri-state buffer "eImem:cimem|lpm_rom:data_memory|otri[6]" feeding internal logic into a wire
    Warning: Converted tri-state buffer "eImem:cimem|lpm_rom:data_memory|otri[5]" feeding internal logic into a wire
    Warning: Converted tri-state buffer "eImem:cimem|lpm_rom:data_memory|otri[4]" feeding internal logic into a wire
    Warning: Converted tri-state buffer "eImem:cimem|lpm_rom:data_memory|otri[3]" feeding internal logic into a wire
    Warning: Converted tri-state buffer "eImem:cimem|lpm_rom:data_memory|otri[2]" feeding internal logic into a wire
    Warning: Converted tri-state buffer "eImem:cimem|lpm_rom:data_memory|otri[1]" feeding internal logic into a wire
    Warning: Converted tri-state buffer "eImem:cimem|lpm_rom:data_memory|otri[0]" feeding internal logic into a wire
Info: Implemented 254 device resources after synthesis - the final resource count might be different
    Info: Implemented 62 input pins
    Info: Implemented 64 output pins
    Info: Implemented 96 logic cells
    Info: Implemented 32 RAM segments
Info: Quartus II Analysis & Synthesis was successful. 0 errors, 37 warnings
    Info: Peak virtual memory: 256 megabytes
    Info: Processing ended: Thu Dec 04 13:42:46 2014
    Info: Elapsed time: 00:00:06
    Info: Total CPU time (on all processors): 00:00:06


