Analysis & Synthesis report for eMEM
Thu May 18 22:59:04 2006
Version 5.0 Build 148 04/26/2005 SJ Full Version


---------------------
; Table of Contents ;
---------------------
  1. Legal Notice
  2. Analysis & Synthesis Summary
  3. Analysis & Synthesis Settings
  4. Analysis & Synthesis Source Files Read
  5. Analysis & Synthesis Resource Usage Summary
  6. Analysis & Synthesis Resource Utilization by Entity
  7. Analysis & Synthesis RAM Summary
  8. General Register Statistics
  9. Parameter Settings for User Entity Instance: eDmem:cDmem|LPM_RAM_DQ:data_memory
 10. Analysis & Synthesis Equations
 11. Analysis & Synthesis Messages



----------------
; Legal Notice ;
----------------
Copyright (C) 1991-2005 Altera Corporation
Your use of Altera Corporation's design tools, logic functions 
and other software and tools, and its AMPP partner logic       
functions, and any output files any of the foregoing           
(including device programming or simulation files), and any    
associated documentation or information are expressly subject  
to the terms and conditions of the Altera Program License      
Subscription Agreement, Altera MegaCore Function License       
Agreement, or other applicable license agreement, including,   
without limitation, that your use is for the sole purpose of   
programming logic devices manufactured by Altera and sold by   
Altera or its authorized distributors.  Please refer to the    
applicable agreement for further details.



+------------------------------------------------------------------------+
; Analysis & Synthesis Summary                                           ;
+-----------------------------+------------------------------------------+
; Analysis & Synthesis Status ; Successful - Thu May 18 22:59:04 2006    ;
; Quartus II Version          ; 5.0 Build 148 04/26/2005 SJ Full Version ;
; Revision Name               ; eMEM                                     ;
; Top-level Entity Name       ; eMEM                                     ;
; Family                      ; Stratix                                  ;
; Total logic elements        ; 0                                        ;
; Total pins                  ; 145                                      ;
; Total virtual pins          ; 0                                        ;
; Total memory bits           ; 8,192                                    ;
; DSP block 9-bit elements    ; 0                                        ;
; Total PLLs                  ; 0                                        ;
; Total DLLs                  ; 0                                        ;
+-----------------------------+------------------------------------------+


+---------------------------------------------------------------------------------------------------+
; Analysis & Synthesis Settings                                                                     ;
+--------------------------------------------------------------------+--------------+---------------+
; Option                                                             ; Setting      ; Default Value ;
+--------------------------------------------------------------------+--------------+---------------+
; Top-level entity name                                              ; eMEM         ; eMEM          ;
; Family name                                                        ; Stratix      ; Stratix       ;
; Use smart compilation                                              ; Off          ; Off           ;
; Restructure Multiplexers                                           ; Auto         ; Auto          ;
; Create Debugging Nodes for IP Cores                                ; off          ; off           ;
; Preserve fewer node names                                          ; On           ; On            ;
; Disable OpenCore Plus hardware evaluation                          ; Off          ; Off           ;
; Verilog Version                                                    ; Verilog_2001 ; Verilog_2001  ;
; VHDL Version                                                       ; VHDL93       ; VHDL93        ;
; State Machine Processing                                           ; Auto         ; Auto          ;
; Extract Verilog State Machines                                     ; On           ; On            ;
; Extract VHDL State Machines                                        ; On           ; On            ;
; Add Pass-Through Logic to Inferred RAMs                            ; On           ; On            ;
; DSP Block Balancing                                                ; Auto         ; Auto          ;
; Maximum DSP Block Usage                                            ; -1           ; -1            ;
; NOT Gate Push-Back                                                 ; On           ; On            ;
; Power-Up Don't Care                                                ; On           ; On            ;
; Remove Redundant Logic Cells                                       ; Off          ; Off           ;
; Remove Duplicate Registers                                         ; On           ; On            ;
; Ignore CARRY Buffers                                               ; Off          ; Off           ;
; Ignore CASCADE Buffers                                             ; Off          ; Off           ;
; Ignore GLOBAL Buffers                                              ; Off          ; Off           ;
; Ignore ROW GLOBAL Buffers                                          ; Off          ; Off           ;
; Ignore LCELL Buffers                                               ; Off          ; Off           ;
; Ignore SOFT Buffers                                                ; On           ; On            ;
; Limit AHDL Integers to 32 Bits                                     ; Off          ; Off           ;
; Optimization Technique -- Stratix/Stratix GX                       ; Balanced     ; Balanced      ;
; Carry Chain Length -- Stratix/Stratix GX/Cyclone/MAX II/Cyclone II ; 70           ; 70            ;
; Auto Carry Chains                                                  ; On           ; On            ;
; Auto Open-Drain Pins                                               ; On           ; On            ;
; Remove Duplicate Logic                                             ; On           ; On            ;
; Perform WYSIWYG Primitive Resynthesis                              ; Off          ; Off           ;
; Perform gate-level register retiming                               ; Off          ; Off           ;
; Allow register retiming to trade off Tsu/Tco with Fmax             ; On           ; On            ;
; Auto ROM Replacement                                               ; On           ; On            ;
; Auto RAM Replacement                                               ; On           ; On            ;
; Auto DSP Block Replacement                                         ; On           ; On            ;
; Auto Shift Register Replacement                                    ; On           ; On            ;
; Auto Clock Enable Replacement                                      ; On           ; On            ;
; Allows Synchronous Control Signal Usage in Normal Mode Logic Cells ; On           ; On            ;
; Auto RAM Block Balancing                                           ; On           ; On            ;
; Auto Resource Sharing                                              ; Off          ; Off           ;
; Allow Any RAM Size For Recognition                                 ; Off          ; Off           ;
; Allow Any ROM Size For Recognition                                 ; Off          ; Off           ;
; Allow Any Shift Register Size For Recognition                      ; Off          ; Off           ;
; Maximum Number of M512 Memory Blocks                               ; -1           ; -1            ;
; Maximum Number of M4K Memory Blocks                                ; -1           ; -1            ;
; Maximum Number of M-RAM Memory Blocks                              ; -1           ; -1            ;
; Ignore translate_off and translate_on Synthesis Directives         ; Off          ; Off           ;
; Show Parameter Settings Tables in Synthesis Report                 ; On           ; On            ;
+--------------------------------------------------------------------+--------------+---------------+


+----------------------------------------------------------------------------------------------------------------------------------------------------------------+
; Analysis & Synthesis Source Files Read                                                                                                                         ;
+----------------------------------+-----------------+------------------------------+----------------------------------------------------------------------------+
; File Name with User-Entered Path ; Used in Netlist ; File Type                    ; File Name with Absolute Path                                               ;
+----------------------------------+-----------------+------------------------------+----------------------------------------------------------------------------+
; eMEM.vhd                         ; yes             ; User VHDL File               ; D:/Work/Quartus/2006/MIPS/pipeline/step1_stages/MEM/eMEM.vhd               ;
; eDmem.vhd                        ; yes             ; User VHDL File               ; D:/Work/Quartus/2006/MIPS/pipeline/step1_stages/MEM/eDmem.vhd              ;
; LPM_RAM_DQ.tdf                   ; yes             ; Megafunction                 ; c:/altera/quartus50/libraries/megafunctions/LPM_RAM_DQ.tdf                 ;
; altram.inc                       ; yes             ; Other                        ; c:/altera/quartus50/libraries/megafunctions/altram.inc                     ;
; lpm_mux.inc                      ; yes             ; Other                        ; c:/altera/quartus50/libraries/megafunctions/lpm_mux.inc                    ;
; lpm_decode.inc                   ; yes             ; Other                        ; c:/altera/quartus50/libraries/megafunctions/lpm_decode.inc                 ;
; aglobal50.inc                    ; yes             ; Other                        ; c:/altera/quartus50/libraries/megafunctions/aglobal50.inc                  ;
; altram.tdf                       ; yes             ; Megafunction                 ; c:/altera/quartus50/libraries/megafunctions/altram.tdf                     ;
; memmodes.inc                     ; yes             ; Other                        ; c:/altera/quartus50/libraries/others/maxplus2/memmodes.inc                 ;
; altsyncram.inc                   ; yes             ; Other                        ; c:/altera/quartus50/libraries/megafunctions/altsyncram.inc                 ;
; altqpram.inc                     ; yes             ; Other                        ; c:/altera/quartus50/libraries/megafunctions/altqpram.inc                   ;
; altsyncram.tdf                   ; yes             ; Megafunction                 ; c:/altera/quartus50/libraries/megafunctions/altsyncram.tdf                 ;
; stratix_ram_block.inc            ; yes             ; Other                        ; c:/altera/quartus50/libraries/megafunctions/stratix_ram_block.inc          ;
; a_rdenreg.inc                    ; yes             ; Other                        ; c:/altera/quartus50/libraries/megafunctions/a_rdenreg.inc                  ;
; altrom.inc                       ; yes             ; Other                        ; c:/altera/quartus50/libraries/megafunctions/altrom.inc                     ;
; altdpram.inc                     ; yes             ; Other                        ; c:/altera/quartus50/libraries/megafunctions/altdpram.inc                   ;
; db/altsyncram_a601.tdf           ; yes             ; Auto-Generated Megafunction  ; D:/Work/Quartus/2006/MIPS/pipeline/step1_stages/MEM/db/altsyncram_a601.tdf ;
+----------------------------------+-----------------+------------------------------+----------------------------------------------------------------------------+


+-----------------------------------------------+
; Analysis & Synthesis Resource Usage Summary   ;
+---------------------------------+-------------+
; Resource                        ; Usage       ;
+---------------------------------+-------------+
; Total logic elements            ; 0           ;
; Total combinational functions   ; 0           ;
;     -- Total 4-input functions  ; 0           ;
;     -- Total 3-input functions  ; 0           ;
;     -- Total 2-input functions  ; 0           ;
;     -- Total 1-input functions  ; 0           ;
;     -- Total 0-input functions  ; 0           ;
; Combinational cells for routing ; 0           ;
; Total registers                 ; 0           ;
; I/O pins                        ; 145         ;
; Total memory bits               ; 8192        ;
; Maximum fan-out node            ; pAddress[2] ;
; Maximum fan-out                 ; 33          ;
; Total fan-out                   ; 455         ;
; Average fan-out                 ; 2.57        ;
+---------------------------------+-------------+


+------------------------------------------------------------------------------------------------------------------------------------------------------------------------------------------------------------------------------------------------------------------------------------------------------------------------------------------------------+
; Analysis & Synthesis Resource Utilization by Entity                                                                                                                                                                                                                                                                                                  ;
+-------------------------------------------------+-------------+--------------+-------------+--------------+---------+-----------+-----------+------+--------------+--------------+-------------------+------------------+-----------------+----------------------------------------------------------------------------------------------------------+
; Compilation Hierarchy Node                      ; Logic Cells ; LC Registers ; Memory Bits ; DSP Elements ; DSP 9x9 ; DSP 18x18 ; DSP 36x36 ; Pins ; Virtual Pins ; LUT-Only LCs ; Register-Only LCs ; LUT/Register LCs ; Carry Chain LCs ; Full Hierarchy Name                                                                                      ;
+-------------------------------------------------+-------------+--------------+-------------+--------------+---------+-----------+-----------+------+--------------+--------------+-------------------+------------------+-----------------+----------------------------------------------------------------------------------------------------------+
; |eMEM                                           ; 0 (0)       ; 0            ; 8192        ; 0            ; 0       ; 0         ; 0         ; 145  ; 0            ; 0 (0)        ; 0 (0)             ; 0 (0)            ; 0 (0)           ; |eMEM                                                                                                    ;
;    |eDmem:cDmem|                                ; 0 (0)       ; 0            ; 8192        ; 0            ; 0       ; 0         ; 0         ; 0    ; 0            ; 0 (0)        ; 0 (0)             ; 0 (0)            ; 0 (0)           ; |eMEM|eDmem:cDmem                                                                                        ;
;       |lpm_ram_dq:data_memory|                  ; 0 (0)       ; 0            ; 8192        ; 0            ; 0       ; 0         ; 0         ; 0    ; 0            ; 0 (0)        ; 0 (0)             ; 0 (0)            ; 0 (0)           ; |eMEM|eDmem:cDmem|lpm_ram_dq:data_memory                                                                 ;
;          |altram:sram|                          ; 0 (0)       ; 0            ; 8192        ; 0            ; 0       ; 0         ; 0         ; 0    ; 0            ; 0 (0)        ; 0 (0)             ; 0 (0)            ; 0 (0)           ; |eMEM|eDmem:cDmem|lpm_ram_dq:data_memory|altram:sram                                                     ;
;             |altsyncram:ram_block|              ; 0 (0)       ; 0            ; 8192        ; 0            ; 0       ; 0         ; 0         ; 0    ; 0            ; 0 (0)        ; 0 (0)             ; 0 (0)            ; 0 (0)           ; |eMEM|eDmem:cDmem|lpm_ram_dq:data_memory|altram:sram|altsyncram:ram_block                                ;
;                |altsyncram_a601:auto_generated| ; 0 (0)       ; 0            ; 8192        ; 0            ; 0       ; 0         ; 0         ; 0    ; 0            ; 0 (0)        ; 0 (0)             ; 0 (0)            ; 0 (0)           ; |eMEM|eDmem:cDmem|lpm_ram_dq:data_memory|altram:sram|altsyncram:ram_block|altsyncram_a601:auto_generated ;
+-------------------------------------------------+-------------+--------------+-------------+--------------+---------+-----------+-----------+------+--------------+--------------+-------------------+------------------+-----------------+----------------------------------------------------------------------------------------------------------+
Note: For table entries with two numbers listed, the numbers in parentheses indicate the number of resources of the given type used by the specific entity alone. The numbers listed outside of parentheses indicate the total resources of the given type used by the specific entity and all of its sub-entities in the hierarchy.


+------------------------------------------------------------------------------------------------------------------------------------------------------------------------------------------------------------------+
; Analysis & Synthesis RAM Summary                                                                                                                                                                                 ;
+---------------------------------------------------------------------------------------------------------------+------+-------------+--------------+--------------+--------------+--------------+------+----------+
; Name                                                                                                          ; Type ; Mode        ; Port A Depth ; Port A Width ; Port B Depth ; Port B Width ; Size ; MIF      ;
+---------------------------------------------------------------------------------------------------------------+------+-------------+--------------+--------------+--------------+--------------+------+----------+
; eDmem:cDmem|lpm_ram_dq:data_memory|altram:sram|altsyncram:ram_block|altsyncram_a601:auto_generated|ALTSYNCRAM ; AUTO ; Single Port ; 256          ; 32           ; --           ; --           ; 8192 ; dmem.mif ;
+---------------------------------------------------------------------------------------------------------------+------+-------------+--------------+--------------+--------------+--------------+------+----------+


+------------------------------------------------------+
; General Register Statistics                          ;
+----------------------------------------------+-------+
; Statistic                                    ; Value ;
+----------------------------------------------+-------+
; Total registers                              ; 0     ;
; Number of registers using Synchronous Clear  ; 0     ;
; Number of registers using Synchronous Load   ; 0     ;
; Number of registers using Asynchronous Clear ; 0     ;
; Number of registers using Asynchronous Load  ; 0     ;
; Number of registers using Clock Enable       ; 0     ;
; Number of registers using Preset             ; 0     ;
+----------------------------------------------+-------+


+---------------------------------------------------------------------------------+
; Parameter Settings for User Entity Instance: eDmem:cDmem|LPM_RAM_DQ:data_memory ;
+------------------------+--------------+-----------------------------------------+
; Parameter Name         ; Value        ; Type                                    ;
+------------------------+--------------+-----------------------------------------+
; LPM_WIDTH              ; 32           ; Integer                                 ;
; LPM_WIDTHAD            ; 8            ; Integer                                 ;
; LPM_NUMWORDS           ; 0            ; Integer                                 ;
; LPM_INDATA             ; REGISTERED   ; Untyped                                 ;
; LPM_ADDRESS_CONTROL    ; REGISTERED   ; Untyped                                 ;
; LPM_OUTDATA            ; UNREGISTERED ; Untyped                                 ;
; LPM_FILE               ; dmem.mif     ; Untyped                                 ;
; USE_EAB                ; ON           ; Untyped                                 ;
; DEVICE_FAMILY          ; Stratix      ; Untyped                                 ;
; CBXI_PARAMETER         ; NOTHING      ; Untyped                                 ;
; AUTO_CARRY_CHAINS      ; ON           ; AUTO_CARRY                              ;
; IGNORE_CARRY_BUFFERS   ; OFF          ; IGNORE_CARRY                            ;
; AUTO_CASCADE_CHAINS    ; ON           ; AUTO_CASCADE                            ;
; IGNORE_CASCADE_BUFFERS ; OFF          ; IGNORE_CASCADE                          ;
+------------------------+--------------+-----------------------------------------+
Note: In order to hide this table in the UI and the text report file, please set the "Show Parameter Settings Tables in Synthesis Report" option in "Analysis and Synthesis Settings -> More Settings" to "Off".


+--------------------------------+
; Analysis & Synthesis Equations ;
+--------------------------------+
The equations can be found in D:/Work/Quartus/2006/MIPS/pipeline/step1_stages/MEM/eMEM.map.eqn.


+-------------------------------+
; Analysis & Synthesis Messages ;
+-------------------------------+
Info: *******************************************************************
Info: Running Quartus II Analysis & Synthesis
    Info: Version 5.0 Build 148 04/26/2005 SJ Full Version
    Info: Processing started: Thu May 18 22:59:01 2006
Info: Command: quartus_map --read_settings_files=on --write_settings_files=off eMEM -c eMEM
Info: Found 2 design units, including 1 entities, in source file eMEM.vhd
    Info: Found design unit 1: eMEM-behavior
    Info: Found entity 1: eMEM
Info: Found 2 design units, including 1 entities, in source file eDmem.vhd
    Info: Found design unit 1: eDmem-behavior
    Info: Found entity 1: eDmem
Info: Elaborating entity "eMEM" for the top level hierarchy
Info: Elaborating entity "eDmem" for hierarchy "eDmem:cDmem"
Warning: VHDL Process Statement warning at eDmem.vhd(42): signal "sOut" is read inside the Process Statement but isn't in the Process Statement's sensivitity list
Info: Found 1 design units, including 1 entities, in source file c:/altera/quartus50/libraries/megafunctions/LPM_RAM_DQ.tdf
    Info: Found entity 1: lpm_ram_dq
Info: Elaborating entity "LPM_RAM_DQ" for hierarchy "eDmem:cDmem|LPM_RAM_DQ:data_memory"
Info: Found 1 design units, including 1 entities, in source file c:/altera/quartus50/libraries/megafunctions/altram.tdf
    Info: Found entity 1: altram
Info: Elaborating entity "altram" for hierarchy "eDmem:cDmem|LPM_RAM_DQ:data_memory|altram:sram"
Info: Issued messages during elaboration of megafunction "eDmem:cDmem|LPM_RAM_DQ:data_memory|altram:sram", which is child of megafunction "eDmem:cDmem|LPM_RAM_DQ:data_memory"
Info: Instantiated megafunction "eDmem:cDmem|LPM_RAM_DQ:data_memory" with the following parameter:
    Info: Parameter "LPM_WIDTH" = "32"
    Info: Parameter "LPM_WIDTHAD" = "8"
    Info: Parameter "LPM_NUMWORDS" = "0"
    Info: Parameter "LPM_INDATA" = "REGISTERED"
    Info: Parameter "LPM_ADDRESS_CONTROL" = "REGISTERED"
    Info: Parameter "LPM_OUTDATA" = "UNREGISTERED"
    Info: Parameter "LPM_FILE" = "dmem.mif"
    Info: Parameter "LPM_TYPE" = "LPM_RAM_DQ"
    Info: Parameter "USE_EAB" = "ON"
    Info: Parameter "INTENDED_DEVICE_FAMILY" = "UNUSED"
    Info: Parameter "LPM_HINT" = "UNUSED"
Warning: Assertion warning: altram does not support Stratix device family -- attempting best-case memory conversions, but power-up states and read during write behavior will be different for Stratix devices
Info: Found 1 design units, including 1 entities, in source file c:/altera/quartus50/libraries/megafunctions/altsyncram.tdf
    Info: Found entity 1: altsyncram
Info: Elaborating entity "altsyncram" for hierarchy "eDmem:cDmem|LPM_RAM_DQ:data_memory|altram:sram|altsyncram:ram_block"
Info: Found 1 design units, including 1 entities, in source file db/altsyncram_a601.tdf
    Info: Found entity 1: altsyncram_a601
Info: Elaborating entity "altsyncram_a601" for hierarchy "eDmem:cDmem|LPM_RAM_DQ:data_memory|altram:sram|altsyncram:ram_block|altsyncram_a601:auto_generated"
Info: Implemented 177 device resources after synthesis - the final resource count might be different
    Info: Implemented 74 input pins
    Info: Implemented 71 output pins
    Info: Implemented 32 RAM segments
Info: Quartus II Analysis & Synthesis was successful. 0 errors, 2 warnings
    Info: Processing ended: Thu May 18 22:59:03 2006
    Info: Elapsed time: 00:00:03


