Classic Timing Analyzer report for eShiftAdder
Thu Nov 27 09:51:52 2014
Quartus II Version 9.1 Build 350 03/24/2010 Service Pack 2 SJ Web Edition


---------------------
; Table of Contents ;
---------------------
  1. Legal Notice
  2. Timing Analyzer Summary
  3. Timing Analyzer Settings
  4. Parallel Compilation
  5. tpd
  6. Timing Analyzer Messages



----------------
; Legal Notice ;
----------------
Copyright (C) 1991-2010 Altera Corporation
Your use of Altera Corporation's design tools, logic functions 
and other software and tools, and its AMPP partner logic 
functions, and any output files from any of the foregoing 
(including device programming or simulation files), and any 
associated documentation or information are expressly subject 
to the terms and conditions of the Altera Program License 
Subscription Agreement, Altera MegaCore Function License 
Agreement, or other applicable license agreement, including, 
without limitation, that your use is for the sole purpose of 
programming logic devices manufactured by Altera and sold by 
Altera or its authorized distributors.  Please refer to the 
applicable agreement for further details.



+-------------------------------------------------------------------------------------------------------------------------------+
; Timing Analyzer Summary                                                                                                       ;
+------------------------------+-------+---------------+-------------+---------+---------+------------+----------+--------------+
; Type                         ; Slack ; Required Time ; Actual Time ; From    ; To      ; From Clock ; To Clock ; Failed Paths ;
+------------------------------+-------+---------------+-------------+---------+---------+------------+----------+--------------+
; Worst-case tpd               ; N/A   ; None          ; 14.254 ns   ; pIn2[0] ; pOut[8] ; --         ; --       ; 0            ;
; Total number of failed paths ;       ;               ;             ;         ;         ;            ;          ; 0            ;
+------------------------------+-------+---------------+-------------+---------+---------+------------+----------+--------------+


+-----------------------------------------------------------------------------------------------------------------------------------------------------+
; Timing Analyzer Settings                                                                                                                            ;
+------------------------------------------------------------------------------------------------------+--------------------+------+----+-------------+
; Option                                                                                               ; Setting            ; From ; To ; Entity Name ;
+------------------------------------------------------------------------------------------------------+--------------------+------+----+-------------+
; Device Name                                                                                          ; EP1S10F484C5       ;      ;    ;             ;
; Timing Models                                                                                        ; Final              ;      ;    ;             ;
; Default hold multicycle                                                                              ; Same as Multicycle ;      ;    ;             ;
; Cut paths between unrelated clock domains                                                            ; On                 ;      ;    ;             ;
; Cut off read during write signal paths                                                               ; On                 ;      ;    ;             ;
; Cut off feedback from I/O pins                                                                       ; On                 ;      ;    ;             ;
; Report Combined Fast/Slow Timing                                                                     ; Off                ;      ;    ;             ;
; Ignore Clock Settings                                                                                ; Off                ;      ;    ;             ;
; Analyze latches as synchronous elements                                                              ; Off                ;      ;    ;             ;
; Enable Recovery/Removal analysis                                                                     ; Off                ;      ;    ;             ;
; Enable Clock Latency                                                                                 ; Off                ;      ;    ;             ;
; Use TimeQuest Timing Analyzer                                                                        ; Off                ;      ;    ;             ;
; Number of source nodes to report per destination node                                                ; 10                 ;      ;    ;             ;
; Number of destination nodes to report                                                                ; 10                 ;      ;    ;             ;
; Number of paths to report                                                                            ; 200                ;      ;    ;             ;
; Report Minimum Timing Checks                                                                         ; Off                ;      ;    ;             ;
; Use Fast Timing Models                                                                               ; Off                ;      ;    ;             ;
; Report IO Paths Separately                                                                           ; Off                ;      ;    ;             ;
; Perform Multicorner Analysis                                                                         ; Off                ;      ;    ;             ;
; Reports the worst-case path for each clock domain and analysis                                       ; Off                ;      ;    ;             ;
; Reports worst-case timing paths for each clock domain and analysis                                   ; Off                ;      ;    ;             ;
; Specifies the maximum number of worst-case timing paths to report for each clock domain and analysis ; 100                ;      ;    ;             ;
; Removes common clock path pessimism (CCPP) during slack computation                                  ; Off                ;      ;    ;             ;
; Output I/O Timing Endpoint                                                                           ; Near End           ;      ;    ;             ;
+------------------------------------------------------------------------------------------------------+--------------------+------+----+-------------+


Parallel compilation was disabled, but you have multiple processors available. Enable parallel compilation to reduce compilation time.
+-------------------------------------+
; Parallel Compilation                ;
+----------------------------+--------+
; Processors                 ; Number ;
+----------------------------+--------+
; Number detected on machine ; 4      ;
; Maximum allowed            ; 1      ;
+----------------------------+--------+


+---------------------------------------------------------------------------------------------------------------------------------------+
; tpd                                                                                                                                   ;
+-----------------------------------------+-----------------------------------------------------+-----------------+----------+----------+
; Slack                                   ; Required P2P Time                                   ; Actual P2P Time ; From     ; To       ;
+-----------------------------------------+-----------------------------------------------------+-----------------+----------+----------+
; N/A                                     ; None                                                ; 14.254 ns       ; pIn2[0]  ; pOut[8]  ;
; N/A                                     ; None                                                ; 14.247 ns       ; pIn2[11] ; pOut[26] ;
; N/A                                     ; None                                                ; 14.220 ns       ; pIn2[3]  ; pOut[8]  ;
; N/A                                     ; None                                                ; 14.214 ns       ; pIn1[4]  ; pOut[8]  ;
; N/A                                     ; None                                                ; 14.205 ns       ; pIn2[0]  ; pOut[26] ;
; N/A                                     ; None                                                ; 14.192 ns       ; pIn1[3]  ; pOut[8]  ;
; N/A                                     ; None                                                ; 14.178 ns       ; pIn1[4]  ; pOut[26] ;
; N/A                                     ; None                                                ; 14.175 ns       ; pIn2[3]  ; pOut[26] ;
; N/A                                     ; None                                                ; 14.168 ns       ; pIn1[14] ; pOut[26] ;
; N/A                                     ; None                                                ; 14.143 ns       ; pIn1[3]  ; pOut[26] ;
; N/A                                     ; None                                                ; 14.118 ns       ; pIn2[11] ; pOut[30] ;
; N/A                                     ; None                                                ; 14.076 ns       ; pIn2[0]  ; pOut[30] ;
; N/A                                     ; None                                                ; 14.072 ns       ; pIn2[10] ; pOut[26] ;
; N/A                                     ; None                                                ; 14.062 ns       ; pIn1[8]  ; pOut[26] ;
; N/A                                     ; None                                                ; 14.049 ns       ; pIn1[4]  ; pOut[30] ;
; N/A                                     ; None                                                ; 14.046 ns       ; pIn2[3]  ; pOut[30] ;
; N/A                                     ; None                                                ; 14.039 ns       ; pIn1[14] ; pOut[30] ;
; N/A                                     ; None                                                ; 14.021 ns       ; pIn2[2]  ; pOut[8]  ;
; N/A                                     ; None                                                ; 14.014 ns       ; pIn1[3]  ; pOut[30] ;
; N/A                                     ; None                                                ; 14.003 ns       ; pIn2[11] ; pOut[27] ;
; N/A                                     ; None                                                ; 13.974 ns       ; pIn2[2]  ; pOut[26] ;
; N/A                                     ; None                                                ; 13.971 ns       ; pIn1[6]  ; pOut[26] ;
; N/A                                     ; None                                                ; 13.967 ns       ; pIn2[5]  ; pOut[26] ;
; N/A                                     ; None                                                ; 13.961 ns       ; pIn2[0]  ; pOut[27] ;
; N/A                                     ; None                                                ; 13.943 ns       ; pIn2[10] ; pOut[30] ;
; N/A                                     ; None                                                ; 13.943 ns       ; pIn1[6]  ; pOut[8]  ;
; N/A                                     ; None                                                ; 13.937 ns       ; pIn1[7]  ; pOut[26] ;
; N/A                                     ; None                                                ; 13.934 ns       ; pIn1[4]  ; pOut[27] ;
; N/A                                     ; None                                                ; 13.933 ns       ; pIn1[8]  ; pOut[30] ;
; N/A                                     ; None                                                ; 13.931 ns       ; pIn2[3]  ; pOut[27] ;
; N/A                                     ; None                                                ; 13.926 ns       ; pIn2[11] ; pOut[23] ;
; N/A                                     ; None                                                ; 13.925 ns       ; pIn2[12] ; pOut[26] ;
; N/A                                     ; None                                                ; 13.924 ns       ; pIn1[14] ; pOut[27] ;
; N/A                                     ; None                                                ; 13.914 ns       ; pIn1[19] ; pOut[26] ;
; N/A                                     ; None                                                ; 13.909 ns       ; pIn1[19] ; pOut[30] ;
; N/A                                     ; None                                                ; 13.908 ns       ; pIn2[11] ; pOut[22] ;
; N/A                                     ; None                                                ; 13.899 ns       ; pIn1[3]  ; pOut[27] ;
; N/A                                     ; None                                                ; 13.884 ns       ; pIn2[0]  ; pOut[23] ;
; N/A                                     ; None                                                ; 13.866 ns       ; pIn2[0]  ; pOut[22] ;
; N/A                                     ; None                                                ; 13.857 ns       ; pIn1[4]  ; pOut[23] ;
; N/A                                     ; None                                                ; 13.854 ns       ; pIn2[3]  ; pOut[23] ;
; N/A                                     ; None                                                ; 13.847 ns       ; pIn1[14] ; pOut[23] ;
; N/A                                     ; None                                                ; 13.845 ns       ; pIn2[2]  ; pOut[30] ;
; N/A                                     ; None                                                ; 13.842 ns       ; pIn1[6]  ; pOut[30] ;
; N/A                                     ; None                                                ; 13.839 ns       ; pIn2[13] ; pOut[26] ;
; N/A                                     ; None                                                ; 13.839 ns       ; pIn1[4]  ; pOut[22] ;
; N/A                                     ; None                                                ; 13.838 ns       ; pIn2[5]  ; pOut[30] ;
; N/A                                     ; None                                                ; 13.836 ns       ; pIn2[3]  ; pOut[22] ;
; N/A                                     ; None                                                ; 13.830 ns       ; pIn1[10] ; pOut[26] ;
; N/A                                     ; None                                                ; 13.829 ns       ; pIn1[14] ; pOut[22] ;
; N/A                                     ; None                                                ; 13.828 ns       ; pIn2[10] ; pOut[27] ;
; N/A                                     ; None                                                ; 13.822 ns       ; pIn1[3]  ; pOut[23] ;
; N/A                                     ; None                                                ; 13.820 ns       ; pIn2[8]  ; pOut[26] ;
; N/A                                     ; None                                                ; 13.818 ns       ; pIn1[8]  ; pOut[27] ;
; N/A                                     ; None                                                ; 13.817 ns       ; pIn2[6]  ; pOut[26] ;
; N/A                                     ; None                                                ; 13.808 ns       ; pIn1[7]  ; pOut[30] ;
; N/A                                     ; None                                                ; 13.804 ns       ; pIn1[3]  ; pOut[22] ;
; N/A                                     ; None                                                ; 13.798 ns       ; pIn1[12] ; pOut[26] ;
; N/A                                     ; None                                                ; 13.796 ns       ; pIn2[12] ; pOut[30] ;
; N/A                                     ; None                                                ; 13.794 ns       ; pIn1[19] ; pOut[27] ;
; N/A                                     ; None                                                ; 13.759 ns       ; pIn2[11] ; pOut[29] ;
; N/A                                     ; None                                                ; 13.755 ns       ; pIn2[11] ; pOut[25] ;
; N/A                                     ; None                                                ; 13.752 ns       ; pIn2[1]  ; pOut[8]  ;
; N/A                                     ; None                                                ; 13.751 ns       ; pIn2[10] ; pOut[23] ;
; N/A                                     ; None                                                ; 13.749 ns       ; pIn2[0]  ; pOut[16] ;
; N/A                                     ; None                                                ; 13.741 ns       ; pIn1[8]  ; pOut[23] ;
; N/A                                     ; None                                                ; 13.733 ns       ; pIn2[10] ; pOut[22] ;
; N/A                                     ; None                                                ; 13.730 ns       ; pIn2[2]  ; pOut[27] ;
; N/A                                     ; None                                                ; 13.727 ns       ; pIn1[6]  ; pOut[27] ;
; N/A                                     ; None                                                ; 13.723 ns       ; pIn2[5]  ; pOut[27] ;
; N/A                                     ; None                                                ; 13.723 ns       ; pIn1[8]  ; pOut[22] ;
; N/A                                     ; None                                                ; 13.722 ns       ; pIn1[4]  ; pOut[16] ;
; N/A                                     ; None                                                ; 13.719 ns       ; pIn2[3]  ; pOut[16] ;
; N/A                                     ; None                                                ; 13.717 ns       ; pIn2[0]  ; pOut[29] ;
; N/A                                     ; None                                                ; 13.715 ns       ; pIn2[11] ; pOut[31] ;
; N/A                                     ; None                                                ; 13.714 ns       ; pIn2[1]  ; pOut[26] ;
; N/A                                     ; None                                                ; 13.713 ns       ; pIn2[0]  ; pOut[25] ;
; N/A                                     ; None                                                ; 13.710 ns       ; pIn2[13] ; pOut[30] ;
; N/A                                     ; None                                                ; 13.701 ns       ; pIn1[10] ; pOut[30] ;
; N/A                                     ; None                                                ; 13.693 ns       ; pIn1[7]  ; pOut[27] ;
; N/A                                     ; None                                                ; 13.691 ns       ; pIn2[8]  ; pOut[30] ;
; N/A                                     ; None                                                ; 13.690 ns       ; pIn1[4]  ; pOut[29] ;
; N/A                                     ; None                                                ; 13.688 ns       ; pIn2[6]  ; pOut[30] ;
; N/A                                     ; None                                                ; 13.687 ns       ; pIn2[3]  ; pOut[29] ;
; N/A                                     ; None                                                ; 13.687 ns       ; pIn1[3]  ; pOut[16] ;
; N/A                                     ; None                                                ; 13.687 ns       ; pIn1[2]  ; pOut[8]  ;
; N/A                                     ; None                                                ; 13.686 ns       ; pIn1[4]  ; pOut[25] ;
; N/A                                     ; None                                                ; 13.683 ns       ; pIn2[3]  ; pOut[25] ;
; N/A                                     ; None                                                ; 13.681 ns       ; pIn2[12] ; pOut[27] ;
; N/A                                     ; None                                                ; 13.680 ns       ; pIn1[14] ; pOut[29] ;
; N/A                                     ; None                                                ; 13.676 ns       ; pIn1[14] ; pOut[25] ;
; N/A                                     ; None                                                ; 13.673 ns       ; pIn2[0]  ; pOut[31] ;
; N/A                                     ; None                                                ; 13.669 ns       ; pIn1[12] ; pOut[30] ;
; N/A                                     ; None                                                ; 13.655 ns       ; pIn1[3]  ; pOut[29] ;
; N/A                                     ; None                                                ; 13.653 ns       ; pIn2[2]  ; pOut[23] ;
; N/A                                     ; None                                                ; 13.651 ns       ; pIn1[3]  ; pOut[25] ;
; N/A                                     ; None                                                ; 13.650 ns       ; pIn1[6]  ; pOut[23] ;
; N/A                                     ; None                                                ; 13.647 ns       ; pIn1[2]  ; pOut[26] ;
; N/A                                     ; None                                                ; 13.646 ns       ; pIn1[4]  ; pOut[31] ;
; N/A                                     ; None                                                ; 13.646 ns       ; pIn2[5]  ; pOut[23] ;
; N/A                                     ; None                                                ; 13.643 ns       ; pIn2[3]  ; pOut[31] ;
; N/A                                     ; None                                                ; 13.638 ns       ; pIn2[19] ; pOut[26] ;
; N/A                                     ; None                                                ; 13.636 ns       ; pIn1[14] ; pOut[31] ;
; N/A                                     ; None                                                ; 13.635 ns       ; pIn1[16] ; pOut[26] ;
; N/A                                     ; None                                                ; 13.635 ns       ; pIn2[2]  ; pOut[22] ;
; N/A                                     ; None                                                ; 13.633 ns       ; pIn2[19] ; pOut[30] ;
; N/A                                     ; None                                                ; 13.632 ns       ; pIn1[6]  ; pOut[22] ;
; N/A                                     ; None                                                ; 13.628 ns       ; pIn2[5]  ; pOut[22] ;
; N/A                                     ; None                                                ; 13.623 ns       ; pIn2[4]  ; pOut[26] ;
; N/A                                     ; None                                                ; 13.616 ns       ; pIn2[22] ; pOut[30] ;
; N/A                                     ; None                                                ; 13.616 ns       ; pIn1[9]  ; pOut[26] ;
; N/A                                     ; None                                                ; 13.616 ns       ; pIn1[7]  ; pOut[23] ;
; N/A                                     ; None                                                ; 13.611 ns       ; pIn1[3]  ; pOut[31] ;
; N/A                                     ; None                                                ; 13.604 ns       ; pIn2[12] ; pOut[23] ;
; N/A                                     ; None                                                ; 13.598 ns       ; pIn1[7]  ; pOut[22] ;
; N/A                                     ; None                                                ; 13.595 ns       ; pIn2[13] ; pOut[27] ;
; N/A                                     ; None                                                ; 13.595 ns       ; pIn2[4]  ; pOut[8]  ;
; N/A                                     ; None                                                ; 13.586 ns       ; pIn1[10] ; pOut[27] ;
; N/A                                     ; None                                                ; 13.586 ns       ; pIn2[12] ; pOut[22] ;
; N/A                                     ; None                                                ; 13.585 ns       ; pIn2[1]  ; pOut[30] ;
; N/A                                     ; None                                                ; 13.584 ns       ; pIn2[10] ; pOut[29] ;
; N/A                                     ; None                                                ; 13.584 ns       ; pIn1[5]  ; pOut[8]  ;
; N/A                                     ; None                                                ; 13.580 ns       ; pIn2[10] ; pOut[25] ;
; N/A                                     ; None                                                ; 13.579 ns       ; pIn2[22] ; pOut[26] ;
; N/A                                     ; None                                                ; 13.576 ns       ; pIn2[8]  ; pOut[27] ;
; N/A                                     ; None                                                ; 13.574 ns       ; pIn1[8]  ; pOut[29] ;
; N/A                                     ; None                                                ; 13.573 ns       ; pIn2[6]  ; pOut[27] ;
; N/A                                     ; None                                                ; 13.570 ns       ; pIn1[8]  ; pOut[25] ;
; N/A                                     ; None                                                ; 13.568 ns       ; pIn1[20] ; pOut[26] ;
; N/A                                     ; None                                                ; 13.563 ns       ; pIn1[20] ; pOut[30] ;
; N/A                                     ; None                                                ; 13.554 ns       ; pIn1[12] ; pOut[27] ;
; N/A                                     ; None                                                ; 13.550 ns       ; pIn1[19] ; pOut[29] ;
; N/A                                     ; None                                                ; 13.550 ns       ; pIn1[5]  ; pOut[26] ;
; N/A                                     ; None                                                ; 13.548 ns       ; pIn1[17] ; pOut[26] ;
; N/A                                     ; None                                                ; 13.545 ns       ; pIn2[17] ; pOut[26] ;
; N/A                                     ; None                                                ; 13.543 ns       ; pIn1[17] ; pOut[30] ;
; N/A                                     ; None                                                ; 13.540 ns       ; pIn2[10] ; pOut[31] ;
; N/A                                     ; None                                                ; 13.540 ns       ; pIn2[17] ; pOut[30] ;
; N/A                                     ; None                                                ; 13.530 ns       ; pIn1[8]  ; pOut[31] ;
; N/A                                     ; None                                                ; 13.523 ns       ; pIn1[18] ; pOut[26] ;
; N/A                                     ; None                                                ; 13.518 ns       ; pIn1[2]  ; pOut[30] ;
; N/A                                     ; None                                                ; 13.518 ns       ; pIn1[18] ; pOut[30] ;
; N/A                                     ; None                                                ; 13.518 ns       ; pIn2[19] ; pOut[27] ;
; N/A                                     ; None                                                ; 13.518 ns       ; pIn2[13] ; pOut[23] ;
; N/A                                     ; None                                                ; 13.518 ns       ; pIn2[2]  ; pOut[16] ;
; N/A                                     ; None                                                ; 13.515 ns       ; pIn1[6]  ; pOut[16] ;
; N/A                                     ; None                                                ; 13.509 ns       ; pIn1[10] ; pOut[23] ;
; N/A                                     ; None                                                ; 13.506 ns       ; pIn1[19] ; pOut[31] ;
; N/A                                     ; None                                                ; 13.506 ns       ; pIn1[16] ; pOut[30] ;
; N/A                                     ; None                                                ; 13.503 ns       ; pIn2[0]  ; pOut[20] ;
; N/A                                     ; None                                                ; 13.500 ns       ; pIn2[13] ; pOut[22] ;
; N/A                                     ; None                                                ; 13.499 ns       ; pIn2[8]  ; pOut[23] ;
; N/A                                     ; None                                                ; 13.496 ns       ; pIn2[6]  ; pOut[23] ;
; N/A                                     ; None                                                ; 13.494 ns       ; pIn2[4]  ; pOut[30] ;
; N/A                                     ; None                                                ; 13.492 ns       ; pIn2[14] ; pOut[26] ;
; N/A                                     ; None                                                ; 13.491 ns       ; pIn1[10] ; pOut[22] ;
; N/A                                     ; None                                                ; 13.487 ns       ; pIn1[9]  ; pOut[30] ;
; N/A                                     ; None                                                ; 13.486 ns       ; pIn2[2]  ; pOut[29] ;
; N/A                                     ; None                                                ; 13.483 ns       ; pIn1[6]  ; pOut[29] ;
; N/A                                     ; None                                                ; 13.482 ns       ; pIn2[2]  ; pOut[25] ;
; N/A                                     ; None                                                ; 13.481 ns       ; pIn2[8]  ; pOut[22] ;
; N/A                                     ; None                                                ; 13.479 ns       ; pIn2[5]  ; pOut[29] ;
; N/A                                     ; None                                                ; 13.479 ns       ; pIn1[6]  ; pOut[25] ;
; N/A                                     ; None                                                ; 13.478 ns       ; pIn2[6]  ; pOut[22] ;
; N/A                                     ; None                                                ; 13.477 ns       ; pIn1[12] ; pOut[23] ;
; N/A                                     ; None                                                ; 13.476 ns       ; pIn1[4]  ; pOut[20] ;
; N/A                                     ; None                                                ; 13.475 ns       ; pIn2[5]  ; pOut[25] ;
; N/A                                     ; None                                                ; 13.474 ns       ; pIn2[0]  ; pOut[13] ;
; N/A                                     ; None                                                ; 13.473 ns       ; pIn2[3]  ; pOut[20] ;
; N/A                                     ; None                                                ; 13.470 ns       ; pIn2[1]  ; pOut[27] ;
; N/A                                     ; None                                                ; 13.463 ns       ; pIn2[22] ; pOut[27] ;
; N/A                                     ; None                                                ; 13.459 ns       ; pIn1[12] ; pOut[22] ;
; N/A                                     ; None                                                ; 13.452 ns       ; pIn2[11] ; pOut[24] ;
; N/A                                     ; None                                                ; 13.451 ns       ; pIn2[7]  ; pOut[26] ;
; N/A                                     ; None                                                ; 13.449 ns       ; pIn1[7]  ; pOut[29] ;
; N/A                                     ; None                                                ; 13.448 ns       ; pIn1[20] ; pOut[27] ;
; N/A                                     ; None                                                ; 13.447 ns       ; pIn1[4]  ; pOut[13] ;
; N/A                                     ; None                                                ; 13.445 ns       ; pIn1[7]  ; pOut[25] ;
; N/A                                     ; None                                                ; 13.444 ns       ; pIn2[3]  ; pOut[13] ;
; N/A                                     ; None                                                ; 13.442 ns       ; pIn2[2]  ; pOut[31] ;
; N/A                                     ; None                                                ; 13.441 ns       ; pIn1[3]  ; pOut[20] ;
; N/A                                     ; None                                                ; 13.439 ns       ; pIn1[6]  ; pOut[31] ;
; N/A                                     ; None                                                ; 13.437 ns       ; pIn2[12] ; pOut[29] ;
; N/A                                     ; None                                                ; 13.436 ns       ; pIn2[11] ; pOut[20] ;
; N/A                                     ; None                                                ; 13.435 ns       ; pIn2[5]  ; pOut[31] ;
; N/A                                     ; None                                                ; 13.433 ns       ; pIn2[12] ; pOut[25] ;
; N/A                                     ; None                                                ; 13.433 ns       ; pIn1[8]  ; pOut[16] ;
; N/A                                     ; None                                                ; 13.428 ns       ; pIn1[17] ; pOut[27] ;
; N/A                                     ; None                                                ; 13.425 ns       ; pIn2[17] ; pOut[27] ;
; N/A                                     ; None                                                ; 13.421 ns       ; pIn1[5]  ; pOut[30] ;
; N/A                                     ; None                                                ; 13.418 ns       ; pIn1[21] ; pOut[26] ;
; N/A                                     ; None                                                ; 13.413 ns       ; pIn1[21] ; pOut[30] ;
; N/A                                     ; None                                                ; 13.413 ns       ; pIn1[19] ; pOut[23] ;
; N/A                                     ; None                                                ; 13.412 ns       ; pIn1[3]  ; pOut[13] ;
; N/A                                     ; None                                                ; 13.410 ns       ; pIn2[0]  ; pOut[24] ;
; N/A                                     ; None                                                ; 13.405 ns       ; pIn1[7]  ; pOut[31] ;
; N/A                                     ; None                                                ; 13.403 ns       ; pIn1[2]  ; pOut[27] ;
; N/A                                     ; None                                                ; 13.403 ns       ; pIn1[18] ; pOut[27] ;
; N/A                                     ; None                                                ; 13.395 ns       ; pIn1[15] ; pOut[26] ;
; N/A                                     ; None                                                ; 13.393 ns       ; pIn2[12] ; pOut[31] ;
; Timing analysis restricted to 200 rows. ; To change the limit use Settings (Assignments menu) ;                 ;          ;          ;
+-----------------------------------------+-----------------------------------------------------+-----------------+----------+----------+


+--------------------------+
; Timing Analyzer Messages ;
+--------------------------+
Info: *******************************************************************
Info: Running Quartus II Classic Timing Analyzer
    Info: Version 9.1 Build 350 03/24/2010 Service Pack 2 SJ Web Edition
    Info: Processing started: Thu Nov 27 09:51:51 2014
Info: Command: quartus_tan --read_settings_files=off --write_settings_files=off ShiftAdder -c eShiftAdder --timing_analysis_only
Info: Longest tpd from source pin "pIn2[0]" to destination pin "pOut[8]" is 14.254 ns
    Info: 1: + IC(0.000 ns) + CELL(1.087 ns) = 1.087 ns; Loc. = PIN_U14; Fanout = 3; PIN Node = 'pIn2[0]'
    Info: 2: + IC(4.445 ns) + CELL(0.451 ns) = 5.983 ns; Loc. = LC_X17_Y27_N0; Fanout = 2; COMB Node = 'Add0~2COUT1_176'
    Info: 3: + IC(0.000 ns) + CELL(0.060 ns) = 6.043 ns; Loc. = LC_X17_Y27_N1; Fanout = 2; COMB Node = 'Add0~7COUT1_178'
    Info: 4: + IC(0.000 ns) + CELL(0.060 ns) = 6.103 ns; Loc. = LC_X17_Y27_N2; Fanout = 2; COMB Node = 'Add0~12COUT1_180'
    Info: 5: + IC(0.000 ns) + CELL(0.060 ns) = 6.163 ns; Loc. = LC_X17_Y27_N3; Fanout = 2; COMB Node = 'Add0~17COUT1_182'
    Info: 6: + IC(0.000 ns) + CELL(0.365 ns) = 6.528 ns; Loc. = LC_X17_Y27_N4; Fanout = 2; COMB Node = 'Add0~20'
    Info: 7: + IC(0.988 ns) + CELL(0.524 ns) = 8.040 ns; Loc. = LC_X17_Y24_N4; Fanout = 6; COMB Node = 'Add1~22'
    Info: 8: + IC(0.000 ns) + CELL(0.449 ns) = 8.489 ns; Loc. = LC_X17_Y24_N6; Fanout = 1; COMB Node = 'Add1~30'
    Info: 9: + IC(3.361 ns) + CELL(2.404 ns) = 14.254 ns; Loc. = PIN_P9; Fanout = 0; PIN Node = 'pOut[8]'
    Info: Total cell delay = 5.460 ns ( 38.31 % )
    Info: Total interconnect delay = 8.794 ns ( 61.69 % )
Info: Quartus II Classic Timing Analyzer was successful. 0 errors, 0 warnings
    Info: Peak virtual memory: 182 megabytes
    Info: Processing ended: Thu Nov 27 09:51:52 2014
    Info: Elapsed time: 00:00:01
    Info: Total CPU time (on all processors): 00:00:01


